<?xml version="1.0" encoding="UTF-8"?>
<coverage generated="1645156640107" clover="3.2.0">
  <project timestamp="1645156640107" name="All files">
    <metrics statements="330" coveredstatements="40" conditionals="205" coveredconditionals="121" methods="61" coveredmethods="54" elements="596" coveredelements="464" complexity="0" loc="330" ncloc="330" packages="1" files="17" classes="17" />
    <file name="checkClassSelector.ts" path="/Users/lap01267/Documents/workspace/RN_Project/miniapp-v2/packages/tcss/src/checkClassSelector.ts">
      <metrics statements="43" coveredstatements="36" conditionals="32" coveredconditionals="16" methods="7" coveredmethods="6" />
      <line num="3" count="12" type="stmt" />
      <line num="4" count="12" type="stmt" />
      <line num="6" count="12" type="stmt" />
      <line num="8" count="12" type="stmt" />
      <line num="9" count="12" type="stmt" />
      <line num="10" count="12" type="stmt" />
      <line num="13" count="3" type="cond" truecount="5" falsecount="1" />
      <line num="17" count="0" type="stmt" />
      <line num="27" count="3" type="cond" truecount="1" falsecount="1" />
      <line num="28" count="0" type="stmt" />
      <line num="31" count="3" type="cond" truecount="2" falsecount="0" />
      <line num="32" count="2" type="stmt" />
      <line num="35" count="1" type="stmt" />
      <line num="36" count="0" type="stmt" />
      <line num="37" count="0" type="cond" truecount="0" falsecount="2" />
      <line num="38" count="0" type="stmt" />
      <line num="42" count="1" type="stmt" />
      <line num="46" count="3" type="cond" truecount="1" falsecount="1" />
      <line num="47" count="0" type="stmt" />
      <line num="50" count="3" type="stmt" />
      <line num="51" count="3" type="stmt" />
      <line num="52" count="3" type="cond" truecount="2" falsecount="0" />
      <line num="53" count="2" type="stmt" />
      <line num="57" count="1" type="cond" truecount="1" falsecount="1" />
      <line num="58" count="1" type="stmt" />
      <line num="61" count="0" type="stmt" />
      <line num="65" count="3" type="stmt" />
      <line num="66" count="3" type="stmt" />
      <line num="67" count="3" type="stmt" />
      <line num="70" count="12" type="stmt" />
      <line num="71" count="3" type="stmt" />
      <line num="76" count="3" type="stmt" />
      <line num="77" count="3" type="cond" truecount="1" falsecount="1" />
      <line num="78" count="3" type="cond" truecount="1" falsecount="1" />
      <line num="80" count="3" type="stmt" />
      <line num="81" count="3" type="stmt" />
      <line num="82" count="3" type="stmt" />
      <line num="83" count="3" type="cond" truecount="2" falsecount="0" />
      <line num="84" count="2" type="stmt" />
      <line num="85" count="2" type="stmt" />
      <line num="89" count="3" type="stmt" />
      <line num="92" count="3" type="stmt" />
      <line num="95" count="12" type="stmt" />
    </file>
    <file name="convertClassSelector.ts" path="/Users/lap01267/Documents/workspace/RN_Project/miniapp-v2/packages/tcss/src/convertClassSelector.ts">
      <metrics statements="30" coveredstatements="28" conditionals="12" coveredconditionals="8" methods="4" coveredmethods="4" />
      <line num="3" count="1" type="stmt" />
      <line num="4" count="1" type="stmt" />
      <line num="6" count="1" type="stmt" />
      <line num="8" count="1" type="stmt" />
      <line num="9" count="1" type="stmt" />
      <line num="10" count="1" type="stmt" />
      <line num="11" count="1" type="stmt" />
      <line num="12" count="1" type="stmt" />
      <line num="13" count="1" type="stmt" />
      <line num="14" count="1" type="stmt" />
      <line num="16" count="1" type="stmt" />
      <line num="18" count="13" type="stmt" />
      <line num="28" count="13" type="stmt" />
      <line num="29" count="18" type="cond" truecount="2" falsecount="0" />
      <line num="38" count="13" type="stmt" />
      <line num="39" count="13" type="cond" truecount="1" falsecount="1" />
      <line num="41" count="13" type="cond" truecount="1" falsecount="1" />
      <line num="43" count="13" type="stmt" />
      <line num="44" count="13" type="stmt" />
      <line num="45" count="13" type="stmt" />
      <line num="46" count="13" type="cond" truecount="2" falsecount="0" />
      <line num="47" count="11" type="stmt" />
      <line num="53" count="13" type="stmt" />
      <line num="54" count="15" type="stmt" />
      <line num="56" count="13" type="cond" truecount="1" falsecount="1" />
      <line num="58" count="0" type="stmt" />
      <line num="59" count="0" type="stmt" />
      <line num="62" count="13" type="cond" truecount="1" falsecount="1" />
      <line num="64" count="13" type="stmt" />
      <line num="67" count="1" type="stmt" />
    </file>
    <file name="convertRpx.ts" path="/Users/lap01267/Documents/workspace/RN_Project/miniapp-v2/packages/tcss/src/convertRpx.ts">
      <metrics statements="22" coveredstatements="22" conditionals="18" coveredconditionals="13" methods="5" coveredmethods="5" />
      <line num="4" count="12" type="stmt" />
      <line num="5" count="11" type="stmt" />
      <line num="6" count="11" type="stmt" />
      <line num="7" count="11" type="stmt" />
      <line num="8" count="11" type="stmt" />
      <line num="9" count="27" type="cond" truecount="4" falsecount="0" />
      <line num="10" count="27" type="cond" truecount="2" falsecount="0" />
      <line num="11" count="13" type="cond" truecount="4" falsecount="2" />
      <line num="12" count="13" type="cond" truecount="1" falsecount="1" />
      <line num="13" count="13" type="stmt" />
      <line num="16" count="14" type="stmt" />
      <line num="18" count="11" type="stmt" />
      <line num="21" count="12" type="stmt" />
      <line num="22" count="5" type="stmt" />
      <line num="27" count="5" type="stmt" />
      <line num="28" count="6" type="cond" truecount="1" falsecount="1" />
      <line num="30" count="6" type="cond" truecount="1" falsecount="1" />
      <line num="32" count="6" type="stmt" />
      <line num="33" count="11" type="stmt" />
      <line num="35" count="11" type="stmt" />
      <line num="38" count="5" type="stmt" />
      <line num="41" count="12" type="stmt" />
    </file>
    <file name="convertTagSelector.ts" path="/Users/lap01267/Documents/workspace/RN_Project/miniapp-v2/packages/tcss/src/convertTagSelector.ts">
      <metrics statements="36" coveredstatements="34" conditionals="18" coveredconditionals="14" methods="4" coveredmethods="4" />
      <line num="3" count="12" type="stmt" />
      <line num="4" count="12" type="stmt" />
      <line num="6" count="12" type="stmt" />
      <line num="8" count="12" type="stmt" />
      <line num="9" count="12" type="stmt" />
      <line num="10" count="12" type="stmt" />
      <line num="11" count="12" type="stmt" />
      <line num="12" count="12" type="stmt" />
      <line num="13" count="12" type="stmt" />
      <line num="14" count="12" type="stmt" />
      <line num="16" count="12" type="stmt" />
      <line num="17" count="9" type="stmt" />
      <line num="27" count="9" type="stmt" />
      <line num="30" count="16" type="cond" truecount="2" falsecount="0" />
      <line num="31" count="16" type="cond" truecount="2" falsecount="0" />
      <line num="33" count="13" type="cond" truecount="2" falsecount="0" />
      <line num="34" count="12" type="cond" truecount="2" falsecount="0" />
      <line num="35" count="2" type="stmt" />
      <line num="37" count="10" type="stmt" />
      <line num="39" count="12" type="stmt" />
      <line num="43" count="9" type="stmt" />
      <line num="44" count="8" type="cond" truecount="1" falsecount="1" />
      <line num="46" count="8" type="cond" truecount="1" falsecount="1" />
      <line num="48" count="8" type="stmt" />
      <line num="49" count="8" type="stmt" />
      <line num="50" count="8" type="stmt" />
      <line num="51" count="8" type="cond" truecount="2" falsecount="0" />
      <line num="52" count="6" type="stmt" />
      <line num="58" count="8" type="stmt" />
      <line num="59" count="11" type="stmt" />
      <line num="63" count="8" type="cond" truecount="1" falsecount="1" />
      <line num="65" count="0" type="stmt" />
      <line num="66" count="0" type="stmt" />
      <line num="69" count="8" type="cond" truecount="1" falsecount="1" />
      <line num="71" count="9" type="stmt" />
      <line num="74" count="12" type="stmt" />
    </file>
    <file name="filterBlankRule.ts" path="/Users/lap01267/Documents/workspace/RN_Project/miniapp-v2/packages/tcss/src/filterBlankRule.ts">
      <metrics statements="10" coveredstatements="0" conditionals="12" coveredconditionals="0" methods="2" coveredmethods="0" />
      <line num="3" count="0" type="stmt" />
      <line num="5" count="0" type="stmt" />
      <line num="6" count="0" type="stmt" />
      <line num="11" count="0" type="stmt" />
      <line num="12" count="0" type="cond" truecount="0" falsecount="8" />
      <line num="13" count="0" type="stmt" />
      <line num="19" count="0" type="stmt" />
      <line num="21" count="0" type="stmt" />
      <line num="23" count="0" type="stmt" />
      <line num="26" count="0" type="stmt" />
    </file>
    <file name="global.d.ts" path="/Users/lap01267/Documents/workspace/RN_Project/miniapp-v2/packages/tcss/src/global.d.ts">
      <metrics statements="0" coveredstatements="0" conditionals="0" coveredconditionals="0" methods="0" coveredmethods="0" />
    </file>
    <file name="index.ts" path="/Users/lap01267/Documents/workspace/RN_Project/miniapp-v2/packages/tcss/src/index.ts">
      <metrics statements="30" coveredstatements="29" conditionals="9" coveredconditionals="6" methods="5" coveredmethods="4" />
      <line num="1" count="12" type="stmt" />
      <line num="3" count="12" type="stmt" />
      <line num="4" count="12" type="stmt" />
      <line num="5" count="12" type="stmt" />
      <line num="6" count="12" type="stmt" />
      <line num="7" count="12" type="stmt" />
      <line num="8" count="12" type="stmt" />
      <line num="9" count="12" type="stmt" />
      <line num="11" count="12" type="stmt" />
      <line num="21" count="50" type="stmt" />
      <line num="22" count="50" type="stmt" />
      <line num="23" count="50" type="stmt" />
      <line num="24" count="50" type="cond" truecount="4" falsecount="2" />
      <line num="26" count="1" type="stmt" />
      <line num="30" count="1" type="stmt" />
      <line num="35" count="49" type="stmt" />
      <line num="41" count="12" type="stmt" />
      <line num="46" count="50" type="stmt" />
      <line num="47" count="50" type="stmt" />
      <line num="49" count="60" type="stmt" />
      <line num="50" count="60" type="stmt" />
      <line num="51" count="60" type="stmt" />
      <line num="52" count="60" type="stmt" />
      <line num="58" count="12" type="stmt" />
      <line num="59" count="50" type="stmt" />
      <line num="60" count="50" type="cond" truecount="1" falsecount="1" />
      <line num="61" count="50" type="stmt" />
      <line num="63" count="50" type="stmt" />
      <line num="66" count="12" type="stmt" />
      <line num="67" count="0" type="stmt" />
    </file>
    <file name="parseImport.ts" path="/Users/lap01267/Documents/workspace/RN_Project/miniapp-v2/packages/tcss/src/parseImport.ts">
      <metrics statements="20" coveredstatements="2" conditionals="18" coveredconditionals="0" methods="3" coveredmethods="0" />
      <line num="1" count="12" type="stmt" />
      <line num="3" count="12" type="stmt" />
      <line num="5" count="0" type="stmt" />
      <line num="6" count="0" type="stmt" />
      <line num="7" count="0" type="cond" truecount="0" falsecount="4" />
      <line num="11" count="0" type="cond" truecount="0" falsecount="2" />
      <line num="12" count="0" type="stmt" />
      <line num="15" count="0" type="stmt" />
      <line num="16" count="0" type="stmt" />
      <line num="17" count="0" type="cond" truecount="0" falsecount="2" />
      <line num="18" count="0" type="stmt" />
      <line num="21" count="0" type="stmt" />
      <line num="22" count="0" type="stmt" />
      <line num="23" count="0" type="cond" truecount="0" falsecount="4" />
      <line num="24" count="0" type="cond" truecount="0" falsecount="4" />
      <line num="25" count="0" type="stmt" />
      <line num="27" count="0" type="cond" truecount="0" falsecount="2" />
      <line num="28" count="0" type="stmt" />
      <line num="31" count="0" type="stmt" />
      <line num="34" count="0" type="stmt" />
    </file>
    <file name="preventOverrideDefaultVariables.ts" path="/Users/lap01267/Documents/workspace/RN_Project/miniapp-v2/packages/tcss/src/preventOverrideDefaultVariables.ts">
      <metrics statements="16" coveredstatements="16" conditionals="8" coveredconditionals="5" methods="3" coveredmethods="3" />
      <line num="3" count="12" type="stmt" />
      <line num="5" count="12" type="stmt" />
      <line num="14" count="12" type="stmt" />
      <line num="15" count="8" type="stmt" />
      <line num="20" count="8" type="stmt" />
      <line num="21" count="8" type="cond" truecount="1" falsecount="1" />
      <line num="23" count="8" type="cond" truecount="1" falsecount="1" />
      <line num="25" count="8" type="stmt" />
      <line num="26" count="14" type="stmt" />
      <line num="27" count="14" type="cond" truecount="2" falsecount="0" />
      <line num="28" count="6" type="cond" truecount="1" falsecount="1" />
      <line num="29" count="6" type="stmt" />
      <line num="35" count="6" type="stmt" />
      <line num="38" count="8" type="stmt" />
      <line num="41" count="8" type="stmt" />
      <line num="44" count="12" type="stmt" />
    </file>
    <file name="removeCssComments.ts" path="/Users/lap01267/Documents/workspace/RN_Project/miniapp-v2/packages/tcss/src/removeCssComments.ts">
      <metrics statements="12" coveredstatements="12" conditionals="10" coveredconditionals="9" methods="4" coveredmethods="4" />
      <line num="4" count="12" type="stmt" />
      <line num="5" count="4" type="stmt" />
      <line num="9" count="4" type="stmt" />
      <line num="10" count="4" type="cond" truecount="2" falsecount="0" />
      <line num="11" count="3" type="stmt" />
      <line num="13" count="4" type="stmt" />
      <line num="14" count="4" type="cond" truecount="2" falsecount="0" />
      <line num="15" count="3" type="cond" truecount="3" falsecount="1" />
      <line num="16" count="6" type="cond" truecount="2" falsecount="0" />
      <line num="17" count="3" type="stmt" />
      <line num="20" count="4" type="stmt" />
      <line num="23" count="12" type="stmt" />
    </file>
    <file name="removeUnsupportedCssAtRule.ts" path="/Users/lap01267/Documents/workspace/RN_Project/miniapp-v2/packages/tcss/src/removeUnsupportedCssAtRule.ts">
      <metrics statements="20" coveredstatements="20" conditionals="10" coveredconditionals="8" methods="3" coveredmethods="3" />
      <line num="3" count="1" type="stmt" />
      <line num="4" count="1" type="stmt" />
      <line num="6" count="1" type="stmt" />
      <line num="7" count="6" type="stmt" />
      <line num="11" count="6" type="stmt" />
      <line num="12" count="6" type="stmt" />
      <line num="13" count="5" type="stmt" />
      <line num="15" count="6" type="stmt" />
      <line num="17" count="8" type="cond" truecount="2" falsecount="0" />
      <line num="18" count="3" type="stmt" />
      <line num="21" count="5" type="cond" truecount="2" falsecount="0" />
      <line num="22" count="3" type="stmt" />
      <line num="26" count="3" type="stmt" />
      <line num="28" count="2" type="cond" truecount="1" falsecount="1" />
      <line num="29" count="2" type="cond" truecount="2" falsecount="0" />
      <line num="30" count="1" type="stmt" />
      <line num="34" count="1" type="stmt" />
      <line num="36" count="1" type="stmt" />
      <line num="38" count="6" type="stmt" />
      <line num="41" count="1" type="stmt" />
    </file>
    <file name="resolveUrlValue.ts" path="/Users/lap01267/Documents/workspace/RN_Project/miniapp-v2/packages/tcss/src/resolveUrlValue.ts">
      <metrics statements="24" coveredstatements="23" conditionals="12" coveredconditionals="9" methods="5" coveredmethods="5" />
      <line num="5" count="12" type="stmt" />
      <line num="6" count="12" type="stmt" />
      <line num="9" count="5" type="cond" truecount="2" falsecount="0" />
      <line num="10" count="2" type="stmt" />
      <line num="11" count="3" type="cond" truecount="1" falsecount="1" />
      <line num="12" count="3" type="stmt" />
      <line num="17" count="3" type="stmt" />
      <line num="19" count="0" type="stmt" />
      <line num="22" count="12" type="stmt" />
      <line num="23" count="7" type="stmt" />
      <line num="28" count="7" type="cond" truecount="1" falsecount="1" />
      <line num="34" count="7" type="stmt" />
      <line num="35" count="7" type="cond" truecount="1" falsecount="1" />
      <line num="37" count="7" type="stmt" />
      <line num="38" count="9" type="stmt" />
      <line num="39" count="9" type="stmt" />
      <line num="42" count="9" type="stmt" />
      <line num="43" count="56" type="cond" truecount="4" falsecount="0" />
      <line num="44" count="5" type="stmt" />
      <line num="48" count="9" type="stmt" />
      <line num="49" count="9" type="stmt" />
      <line num="56" count="9" type="stmt" />
      <line num="60" count="7" type="stmt" />
      <line num="63" count="12" type="stmt" />
    </file>
    <file name="utils.ts" path="/Users/lap01267/Documents/workspace/RN_Project/miniapp-v2/packages/tcss/src/utils.ts">
      <metrics statements="8" coveredstatements="8" conditionals="14" coveredconditionals="10" methods="3" coveredmethods="3" />
      <line num="26" count="12" type="stmt" />
      <line num="27" count="9" type="stmt" />
      <line num="32" count="9" type="stmt" />
      <line num="35" count="12" type="stmt" />
      <line num="39" count="8" type="stmt" />
      <line num="43" count="8" type="stmt" />
      <line num="46" count="12" type="stmt" />
      <line num="47" count="17" type="stmt" />
    </file>
    <file name="validateCssProperties.ts" path="/Users/lap01267/Documents/workspace/RN_Project/miniapp-v2/packages/tcss/src/validateCssProperties.ts">
      <metrics statements="20" coveredstatements="20" conditionals="10" coveredconditionals="8" methods="5" coveredmethods="5" />
      <line num="3" count="1" type="stmt" />
      <line num="4" count="1" type="stmt" />
      <line num="7" count="3" type="cond" truecount="2" falsecount="0" />
      <line num="8" count="2" type="stmt" />
      <line num="11" count="1" type="stmt" />
      <line num="12" count="2" type="stmt" />
      <line num="17" count="2" type="stmt" />
      <line num="18" count="2" type="cond" truecount="1" falsecount="1" />
      <line num="20" count="2" type="cond" truecount="1" falsecount="1" />
      <line num="22" count="2" type="stmt" />
      <line num="23" count="3" type="cond" truecount="2" falsecount="0" />
      <line num="25" count="2" type="stmt" />
      <line num="26" count="980" type="stmt" />
      <line num="27" count="2" type="cond" truecount="2" falsecount="0" />
      <line num="28" count="1" type="stmt" />
      <line num="30" count="1" type="stmt" />
      <line num="32" count="1" type="stmt" />
      <line num="34" count="1" type="stmt" />
      <line num="37" count="2" type="stmt" />
      <line num="40" count="1" type="stmt" />
    </file>
    <file name="validateCssValue.ts" path="/Users/lap01267/Documents/workspace/RN_Project/miniapp-v2/packages/tcss/src/validateCssValue.ts">
      <metrics statements="19" coveredstatements="19" conditionals="10" coveredconditionals="8" methods="4" coveredmethods="4" />
      <line num="3" count="1" type="stmt" />
      <line num="4" count="1" type="stmt" />
      <line num="7" count="4" type="stmt" />
      <line num="10" count="1" type="stmt" />
      <line num="11" count="2" type="stmt" />
      <line num="16" count="2" type="stmt" />
      <line num="17" count="2" type="cond" truecount="1" falsecount="1" />
      <line num="19" count="2" type="cond" truecount="1" falsecount="1" />
      <line num="21" count="2" type="stmt" />
      <line num="22" count="4" type="cond" truecount="4" falsecount="0" />
      <line num="23" count="1" type="stmt" />
      <line num="25" count="3" type="stmt" />
      <line num="27" count="3" type="stmt" />
      <line num="29" count="3" type="cond" truecount="2" falsecount="0" />
      <line num="30" count="1" type="stmt" />
      <line num="40" count="1" type="stmt" />
      <line num="42" count="2" type="stmt" />
      <line num="45" count="2" type="stmt" />
      <line num="48" count="1" type="stmt" />
    </file>
    <file name="validateTagSelectors.ts" path="/Users/lap01267/Documents/workspace/RN_Project/miniapp-v2/packages/tcss/src/validateTagSelectors.ts">
      <metrics statements="19" coveredstatements="19" conditionals="12" coveredconditionals="7" methods="4" coveredmethods="4" />
      <line num="3" count="1" type="stmt" />
      <line num="5" count="1" type="stmt" />
      <line num="24" count="1" type="stmt" />
      <line num="25" count="1" type="stmt" />
      <line num="30" count="1" type="stmt" />
      <line num="31" count="1" type="stmt" />
      <line num="32" count="1" type="stmt" />
      <line num="33" count="3" type="cond" truecount="1" falsecount="1" />
      <line num="35" count="3" type="cond" truecount="1" falsecount="1" />
      <line num="37" count="3" type="stmt" />
      <line num="38" count="3" type="stmt" />
      <line num="39" count="3" type="cond" truecount="1" falsecount="1" />
      <line num="41" count="3" type="stmt" />
      <line num="42" count="5" type="cond" truecount="2" falsecount="0" />
      <line num="43" count="3" type="stmt" />
      <line num="49" count="3" type="stmt" />
      <line num="53" count="3" type="cond" truecount="1" falsecount="1" />
      <line num="55" count="1" type="stmt" />
      <line num="58" count="1" type="stmt" />
    </file>
    <file name="webCustomData.ts" path="/Users/lap01267/Documents/workspace/RN_Project/miniapp-v2/packages/tcss/src/webCustomData.ts">
      <metrics statements="1" coveredstatements="1" conditionals="0" coveredconditionals="0" methods="0" coveredmethods="0" />
      <line num="7" count="1" type="stmt" />
    </file>
  </project>
</coverage>