{"/Users/lap01267/Documents/workspace/RN_Project/miniapp-v2/packages/tcss/src/checkClassSelector.ts": {"path":"/Users/lap01267/Documents/workspace/RN_Project/miniapp-v2/packages/tcss/src/checkClassSelector.ts","statementMap":{"0":{"start":{"line":3,"column":0},"end":{"line":3,"column":71}},"1":{"start":{"line":4,"column":0},"end":{"line":4,"column":50}},"2":{"start":{"line":6,"column":23},"end":{"line":6,"column":46}},"3":{"start":{"line":8,"column":0},"end":{"line":8,"column":55}},"4":{"start":{"line":9,"column":0},"end":{"line":9,"column":55}},"5":{"start":{"line":10,"column":0},"end":{"line":10,"column":35}},"6":{"start":{"line":13,"column":2},"end":{"line":13,"column":84}},"7":{"start":{"line":17,"column":2},"end":{"line":23,"column":4}},"8":{"start":{"line":27,"column":2},"end":{"line":29,"column":null}},"9":{"start":{"line":28,"column":4},"end":{"line":28,"column":17}},"10":{"start":{"line":31,"column":2},"end":{"line":33,"column":null}},"11":{"start":{"line":32,"column":4},"end":{"line":32,"column":17}},"12":{"start":{"line":35,"column":2},"end":{"line":40,"column":null}},"13":{"start":{"line":35,"column":15},"end":{"line":35,"column":16}},"14":{"start":{"line":36,"column":15},"end":{"line":36,"column":22}},"15":{"start":{"line":37,"column":4},"end":{"line":39,"column":null}},"16":{"start":{"line":38,"column":6},"end":{"line":38,"column":19}},"17":{"start":{"line":42,"column":2},"end":{"line":42,"column":14}},"18":{"start":{"line":46,"column":2},"end":{"line":48,"column":null}},"19":{"start":{"line":47,"column":4},"end":{"line":47,"column":16}},"20":{"start":{"line":50,"column":2},"end":{"line":55,"column":null}},"21":{"start":{"line":50,"column":15},"end":{"line":50,"column":16}},"22":{"start":{"line":51,"column":22},"end":{"line":51,"column":40}},"23":{"start":{"line":52,"column":4},"end":{"line":54,"column":null}},"24":{"start":{"line":53,"column":6},"end":{"line":53,"column":19}},"25":{"start":{"line":57,"column":2},"end":{"line":59,"column":null}},"26":{"start":{"line":58,"column":4},"end":{"line":58,"column":16}},"27":{"start":{"line":61,"column":2},"end":{"line":61,"column":32}},"28":{"start":{"line":65,"column":13},"end":{"line":65,"column":54}},"29":{"start":{"line":66,"column":15},"end":{"line":66,"column":22}},"30":{"start":{"line":67,"column":2},"end":{"line":67,"column":27}},"31":{"start":{"line":70,"column":27},"end":{"line":93,"column":1}},"32":{"start":{"line":71,"column":28},"end":{"line":74,"column":4}},"33":{"start":{"line":76,"column":2},"end":{"line":90,"column":5}},"34":{"start":{"line":77,"column":4},"end":{"line":77,"column":42}},"35":{"start":{"line":77,"column":30},"end":{"line":77,"column":42}},"36":{"start":{"line":78,"column":4},"end":{"line":78,"column":52}},"37":{"start":{"line":78,"column":40},"end":{"line":78,"column":52}},"38":{"start":{"line":80,"column":26},"end":{"line":80,"column":30}},"39":{"start":{"line":81,"column":4},"end":{"line":87,"column":null}},"40":{"start":{"line":81,"column":17},"end":{"line":81,"column":18}},"41":{"start":{"line":82,"column":23},"end":{"line":82,"column":40}},"42":{"start":{"line":83,"column":6},"end":{"line":86,"column":null}},"43":{"start":{"line":84,"column":8},"end":{"line":84,"column":32}},"44":{"start":{"line":85,"column":8},"end":{"line":85,"column":92}},"45":{"start":{"line":89,"column":4},"end":{"line":89,"column":27}},"46":{"start":{"line":92,"column":2},"end":{"line":92,"column":16}},"47":{"start":{"line":95,"column":0},"end":{"line":95,"column":23}}},"fnMap":{"0":{"name":"isIdentStart","decl":{"start":{"line":12,"column":9},"end":{"line":12,"column":21}},"loc":{"start":{"line":12,"column":31},"end":{"line":14,"column":1}}},"1":{"name":"isIdent","decl":{"start":{"line":16,"column":9},"end":{"line":16,"column":16}},"loc":{"start":{"line":16,"column":26},"end":{"line":24,"column":1}}},"2":{"name":"isValidClass","decl":{"start":{"line":26,"column":9},"end":{"line":26,"column":21}},"loc":{"start":{"line":26,"column":34},"end":{"line":43,"column":1}}},"3":{"name":"isValidRule","decl":{"start":{"line":45,"column":9},"end":{"line":45,"column":20}},"loc":{"start":{"line":45,"column":31},"end":{"line":62,"column":1}}},"4":{"name":"isValid","decl":{"start":{"line":64,"column":9},"end":{"line":64,"column":16}},"loc":{"start":{"line":64,"column":33},"end":{"line":68,"column":1}}},"5":{"name":"(anonymous_5)","decl":{"start":{"line":70,"column":27},"end":{"line":70,"column":28}},"loc":{"start":{"line":70,"column":37},"end":{"line":93,"column":1}}},"6":{"name":"(anonymous_6)","decl":{"start":{"line":76,"column":37},"end":{"line":76,"column":38}},"loc":{"start":{"line":76,"column":56},"end":{"line":90,"column":3}}}},"branchMap":{"0":{"loc":{"start":{"line":13,"column":10},"end":{"line":13,"column":18}},"type":"binary-expr","locations":[{"start":{"line":13,"column":10},"end":{"line":13,"column":18}},{"start":{"line":13,"column":22},"end":{"line":13,"column":30}},{"start":{"line":13,"column":36},"end":{"line":13,"column":44}},{"start":{"line":13,"column":48},"end":{"line":13,"column":56}},{"start":{"line":13,"column":61},"end":{"line":13,"column":70}},{"start":{"line":13,"column":74},"end":{"line":13,"column":83}}]},"1":{"loc":{"start":{"line":18,"column":5},"end":{"line":18,"column":13}},"type":"binary-expr","locations":[{"start":{"line":18,"column":5},"end":{"line":18,"column":13}},{"start":{"line":18,"column":17},"end":{"line":18,"column":25}},{"start":{"line":19,"column":5},"end":{"line":19,"column":13}},{"start":{"line":19,"column":17},"end":{"line":19,"column":25}},{"start":{"line":20,"column":5},"end":{"line":20,"column":13}},{"start":{"line":20,"column":17},"end":{"line":20,"column":25}},{"start":{"line":21,"column":4},"end":{"line":21,"column":13}},{"start":{"line":22,"column":4},"end":{"line":22,"column":13}}]},"2":{"loc":{"start":{"line":27,"column":2},"end":{"line":29,"column":null}},"type":"if","locations":[{"start":{"line":27,"column":2},"end":{"line":29,"column":null}},{"start":{"line":27,"column":2},"end":{"line":29,"column":null}}]},"3":{"loc":{"start":{"line":31,"column":2},"end":{"line":33,"column":null}},"type":"if","locations":[{"start":{"line":31,"column":2},"end":{"line":33,"column":null}},{"start":{"line":31,"column":2},"end":{"line":33,"column":null}}]},"4":{"loc":{"start":{"line":37,"column":4},"end":{"line":39,"column":null}},"type":"if","locations":[{"start":{"line":37,"column":4},"end":{"line":39,"column":null}},{"start":{"line":37,"column":4},"end":{"line":39,"column":null}}]},"5":{"loc":{"start":{"line":46,"column":2},"end":{"line":48,"column":null}},"type":"if","locations":[{"start":{"line":46,"column":2},"end":{"line":48,"column":null}},{"start":{"line":46,"column":2},"end":{"line":48,"column":null}}]},"6":{"loc":{"start":{"line":52,"column":4},"end":{"line":54,"column":null}},"type":"if","locations":[{"start":{"line":52,"column":4},"end":{"line":54,"column":null}},{"start":{"line":52,"column":4},"end":{"line":54,"column":null}}]},"7":{"loc":{"start":{"line":57,"column":2},"end":{"line":59,"column":null}},"type":"if","locations":[{"start":{"line":57,"column":2},"end":{"line":59,"column":null}},{"start":{"line":57,"column":2},"end":{"line":59,"column":null}}]},"8":{"loc":{"start":{"line":77,"column":4},"end":{"line":77,"column":42}},"type":"if","locations":[{"start":{"line":77,"column":4},"end":{"line":77,"column":42}},{"start":{"line":77,"column":4},"end":{"line":77,"column":42}}]},"9":{"loc":{"start":{"line":78,"column":4},"end":{"line":78,"column":52}},"type":"if","locations":[{"start":{"line":78,"column":4},"end":{"line":78,"column":52}},{"start":{"line":78,"column":4},"end":{"line":78,"column":52}}]},"10":{"loc":{"start":{"line":83,"column":6},"end":{"line":86,"column":null}},"type":"if","locations":[{"start":{"line":83,"column":6},"end":{"line":86,"column":null}},{"start":{"line":83,"column":6},"end":{"line":86,"column":null}}]}},"s":{"0":12,"1":12,"2":12,"3":12,"4":12,"5":12,"6":3,"7":0,"8":3,"9":0,"10":3,"11":2,"12":1,"13":1,"14":0,"15":0,"16":0,"17":1,"18":3,"19":0,"20":3,"21":3,"22":3,"23":3,"24":2,"25":1,"26":1,"27":0,"28":3,"29":3,"30":3,"31":12,"32":3,"33":3,"34":3,"35":0,"36":3,"37":0,"38":3,"39":3,"40":3,"41":3,"42":3,"43":2,"44":2,"45":3,"46":3,"47":12},"f":{"0":3,"1":0,"2":3,"3":3,"4":3,"5":3,"6":3},"b":{"0":[3,1,2,0,2,2],"1":[0,0,0,0,0,0,0,0],"2":[0,3],"3":[2,1],"4":[0,0],"5":[0,3],"6":[2,1],"7":[1,0],"8":[0,3],"9":[0,3],"10":[2,1]}}
,"/Users/lap01267/Documents/workspace/RN_Project/miniapp-v2/packages/tcss/src/convertClassSelector.ts": {"path":"/Users/lap01267/Documents/workspace/RN_Project/miniapp-v2/packages/tcss/src/convertClassSelector.ts","statementMap":{"0":{"start":{"line":3,"column":0},"end":{"line":3,"column":56}},"1":{"start":{"line":4,"column":0},"end":{"line":4,"column":50}},"2":{"start":{"line":6,"column":23},"end":{"line":6,"column":46}},"3":{"start":{"line":8,"column":0},"end":{"line":8,"column":55}},"4":{"start":{"line":9,"column":0},"end":{"line":9,"column":55}},"5":{"start":{"line":10,"column":0},"end":{"line":10,"column":51}},"6":{"start":{"line":11,"column":0},"end":{"line":11,"column":56}},"7":{"start":{"line":12,"column":0},"end":{"line":12,"column":53}},"8":{"start":{"line":13,"column":0},"end":{"line":13,"column":58}},"9":{"start":{"line":14,"column":0},"end":{"line":14,"column":35}},"10":{"start":{"line":16,"column":27},"end":{"line":65,"column":1}},"11":{"start":{"line":18,"column":28},"end":{"line":21,"column":4}},"12":{"start":{"line":28,"column":35},"end":{"line":36,"column":3}},"13":{"start":{"line":29,"column":4},"end":{"line":29,"column":71}},"14":{"start":{"line":29,"column":27},"end":{"line":29,"column":71}},"15":{"start":{"line":38,"column":2},"end":{"line":63,"column":5}},"16":{"start":{"line":39,"column":4},"end":{"line":39,"column":42}},"17":{"start":{"line":39,"column":30},"end":{"line":39,"column":42}},"18":{"start":{"line":41,"column":4},"end":{"line":41,"column":52}},"19":{"start":{"line":41,"column":40},"end":{"line":41,"column":52}},"20":{"start":{"line":43,"column":25},"end":{"line":43,"column":29}},"21":{"start":{"line":44,"column":4},"end":{"line":60,"column":null}},"22":{"start":{"line":45,"column":25},"end":{"line":45,"column":72}},"23":{"start":{"line":46,"column":6},"end":{"line":51,"column":null}},"24":{"start":{"line":47,"column":8},"end":{"line":50,"column":10}},"25":{"start":{"line":53,"column":6},"end":{"line":55,"column":9}},"26":{"start":{"line":54,"column":8},"end":{"line":54,"column":80}},"27":{"start":{"line":56,"column":6},"end":{"line":56,"column":80}},"28":{"start":{"line":58,"column":6},"end":{"line":58,"column":29}},"29":{"start":{"line":59,"column":6},"end":{"line":59,"column":78}},"30":{"start":{"line":62,"column":4},"end":{"line":62,"column":36}},"31":{"start":{"line":62,"column":24},"end":{"line":62,"column":36}},"32":{"start":{"line":64,"column":2},"end":{"line":64,"column":16}},"33":{"start":{"line":67,"column":0},"end":{"line":67,"column":23}}},"fnMap":{"0":{"name":"(anonymous_0)","decl":{"start":{"line":16,"column":27},"end":{"line":16,"column":28}},"loc":{"start":{"line":16,"column":37},"end":{"line":65,"column":1}}},"1":{"name":"(anonymous_1)","decl":{"start":{"line":28,"column":35},"end":{"line":28,"column":36}},"loc":{"start":{"line":28,"column":82},"end":{"line":36,"column":3}}},"2":{"name":"(anonymous_2)","decl":{"start":{"line":38,"column":23},"end":{"line":38,"column":24}},"loc":{"start":{"line":38,"column":42},"end":{"line":63,"column":3}}},"3":{"name":"(anonymous_3)","decl":{"start":{"line":53,"column":37},"end":{"line":53,"column":38}},"loc":{"start":{"line":53,"column":50},"end":{"line":55,"column":7}}}},"branchMap":{"0":{"loc":{"start":{"line":29,"column":4},"end":{"line":29,"column":71}},"type":"if","locations":[{"start":{"line":29,"column":4},"end":{"line":29,"column":71}},{"start":{"line":29,"column":4},"end":{"line":29,"column":71}}]},"1":{"loc":{"start":{"line":39,"column":4},"end":{"line":39,"column":42}},"type":"if","locations":[{"start":{"line":39,"column":4},"end":{"line":39,"column":42}},{"start":{"line":39,"column":4},"end":{"line":39,"column":42}}]},"2":{"loc":{"start":{"line":41,"column":4},"end":{"line":41,"column":52}},"type":"if","locations":[{"start":{"line":41,"column":4},"end":{"line":41,"column":52}},{"start":{"line":41,"column":4},"end":{"line":41,"column":52}}]},"3":{"loc":{"start":{"line":46,"column":6},"end":{"line":51,"column":null}},"type":"if","locations":[{"start":{"line":46,"column":6},"end":{"line":51,"column":null}},{"start":{"line":46,"column":6},"end":{"line":51,"column":null}}]},"4":{"loc":{"start":{"line":56,"column":24},"end":{"line":56,"column":59}},"type":"binary-expr","locations":[{"start":{"line":56,"column":24},"end":{"line":56,"column":59}},{"start":{"line":56,"column":63},"end":{"line":56,"column":66}}]},"5":{"loc":{"start":{"line":62,"column":4},"end":{"line":62,"column":36}},"type":"if","locations":[{"start":{"line":62,"column":4},"end":{"line":62,"column":36}},{"start":{"line":62,"column":4},"end":{"line":62,"column":36}}]}},"s":{"0":1,"1":1,"2":1,"3":1,"4":1,"5":1,"6":1,"7":1,"8":1,"9":1,"10":1,"11":13,"12":13,"13":18,"14":3,"15":13,"16":13,"17":0,"18":13,"19":0,"20":13,"21":13,"22":13,"23":13,"24":11,"25":13,"26":15,"27":13,"28":0,"29":0,"30":13,"31":13,"32":13,"33":1},"f":{"0":13,"1":18,"2":13,"3":15},"b":{"0":[3,15],"1":[0,13],"2":[0,13],"3":[11,2],"4":[13,0],"5":[13,0]}}
,"/Users/lap01267/Documents/workspace/RN_Project/miniapp-v2/packages/tcss/src/convertRpx.ts": {"path":"/Users/lap01267/Documents/workspace/RN_Project/miniapp-v2/packages/tcss/src/convertRpx.ts","statementMap":{"0":{"start":{"line":4,"column":23},"end":{"line":19,"column":1}},"1":{"start":{"line":5,"column":18},"end":{"line":5,"column":44}},"2":{"start":{"line":6,"column":22},"end":{"line":6,"column":51}},"3":{"start":{"line":7,"column":15},"end":{"line":7,"column":56}},"4":{"start":{"line":8,"column":2},"end":{"line":17,"column":5}},"5":{"start":{"line":9,"column":18},"end":{"line":9,"column":44}},"6":{"start":{"line":10,"column":4},"end":{"line":15,"column":null}},"7":{"start":{"line":11,"column":21},"end":{"line":11,"column":61}},"8":{"start":{"line":12,"column":6},"end":{"line":14,"column":null}},"9":{"start":{"line":13,"column":8},"end":{"line":13,"column":89}},"10":{"start":{"line":16,"column":4},"end":{"line":16,"column":14}},"11":{"start":{"line":18,"column":2},"end":{"line":18,"column":26}},"12":{"start":{"line":21,"column":27},"end":{"line":39,"column":1}},"13":{"start":{"line":22,"column":28},"end":{"line":25,"column":4}},"14":{"start":{"line":27,"column":2},"end":{"line":37,"column":5}},"15":{"start":{"line":28,"column":4},"end":{"line":28,"column":37}},"16":{"start":{"line":28,"column":30},"end":{"line":28,"column":37}},"17":{"start":{"line":30,"column":4},"end":{"line":30,"column":50}},"18":{"start":{"line":30,"column":43},"end":{"line":30,"column":50}},"19":{"start":{"line":32,"column":4},"end":{"line":36,"column":7}},"20":{"start":{"line":33,"column":6},"end":{"line":33,"column":68}},"21":{"start":{"line":35,"column":6},"end":{"line":35,"column":25}},"22":{"start":{"line":38,"column":2},"end":{"line":38,"column":16}},"23":{"start":{"line":41,"column":0},"end":{"line":41,"column":23}}},"fnMap":{"0":{"name":"(anonymous_0)","decl":{"start":{"line":4,"column":23},"end":{"line":4,"column":24}},"loc":{"start":{"line":4,"column":47},"end":{"line":19,"column":1}}},"1":{"name":"(anonymous_1)","decl":{"start":{"line":8,"column":22},"end":{"line":8,"column":23}},"loc":{"start":{"line":8,"column":29},"end":{"line":17,"column":3}}},"2":{"name":"(anonymous_2)","decl":{"start":{"line":21,"column":27},"end":{"line":21,"column":28}},"loc":{"start":{"line":21,"column":37},"end":{"line":39,"column":1}}},"3":{"name":"(anonymous_3)","decl":{"start":{"line":27,"column":16},"end":{"line":27,"column":17}},"loc":{"start":{"line":27,"column":35},"end":{"line":37,"column":3}}},"4":{"name":"(anonymous_4)","decl":{"start":{"line":32,"column":46},"end":{"line":32,"column":47}},"loc":{"start":{"line":32,"column":79},"end":{"line":36,"column":5}}}},"branchMap":{"0":{"loc":{"start":{"line":9,"column":39},"end":{"line":9,"column":42}},"type":"cond-expr","locations":[{"start":{"line":9,"column":39},"end":{"line":9,"column":42}},{"start":{"line":9,"column":39},"end":{"line":9,"column":44}}]},"1":{"loc":{"start":{"line":9,"column":18},"end":{"line":9,"column":42}},"type":"binary-expr","locations":[{"start":{"line":9,"column":18},"end":{"line":9,"column":42}},{"start":{"line":9,"column":39},"end":{"line":9,"column":42}}]},"2":{"loc":{"start":{"line":10,"column":4},"end":{"line":15,"column":null}},"type":"if","locations":[{"start":{"line":10,"column":4},"end":{"line":15,"column":null}},{"start":{"line":10,"column":4},"end":{"line":15,"column":null}}]},"3":{"loc":{"start":{"line":11,"column":32},"end":{"line":11,"column":54}},"type":"binary-expr","locations":[{"start":{"line":11,"column":32},"end":{"line":11,"column":54}},{"start":{"line":11,"column":58},"end":{"line":11,"column":60}}]},"4":{"loc":{"start":{"line":11,"column":49},"end":{"line":11,"column":52}},"type":"cond-expr","locations":[{"start":{"line":11,"column":49},"end":{"line":11,"column":52}},{"start":{"line":11,"column":49},"end":{"line":11,"column":54}}]},"5":{"loc":{"start":{"line":11,"column":32},"end":{"line":11,"column":52}},"type":"binary-expr","locations":[{"start":{"line":11,"column":32},"end":{"line":11,"column":52}},{"start":{"line":11,"column":49},"end":{"line":11,"column":52}}]},"6":{"loc":{"start":{"line":12,"column":6},"end":{"line":14,"column":null}},"type":"if","locations":[{"start":{"line":12,"column":6},"end":{"line":14,"column":null}},{"start":{"line":12,"column":6},"end":{"line":14,"column":null}}]},"7":{"loc":{"start":{"line":28,"column":4},"end":{"line":28,"column":37}},"type":"if","locations":[{"start":{"line":28,"column":4},"end":{"line":28,"column":37}},{"start":{"line":28,"column":4},"end":{"line":28,"column":37}}]},"8":{"loc":{"start":{"line":30,"column":4},"end":{"line":30,"column":50}},"type":"if","locations":[{"start":{"line":30,"column":4},"end":{"line":30,"column":50}},{"start":{"line":30,"column":4},"end":{"line":30,"column":50}}]}},"s":{"0":12,"1":11,"2":11,"3":11,"4":11,"5":27,"6":27,"7":13,"8":13,"9":13,"10":14,"11":11,"12":12,"13":5,"14":5,"15":6,"16":0,"17":6,"18":0,"19":6,"20":11,"21":11,"22":5,"23":12},"f":{"0":11,"1":27,"2":5,"3":6,"4":11},"b":{"0":[14,13],"1":[27,13],"2":[13,14],"3":[13,0],"4":[0,13],"5":[13,13],"6":[13,0],"7":[0,6],"8":[0,6]}}
,"/Users/lap01267/Documents/workspace/RN_Project/miniapp-v2/packages/tcss/src/convertTagSelector.ts": {"path":"/Users/lap01267/Documents/workspace/RN_Project/miniapp-v2/packages/tcss/src/convertTagSelector.ts","statementMap":{"0":{"start":{"line":3,"column":0},"end":{"line":3,"column":50}},"1":{"start":{"line":4,"column":0},"end":{"line":4,"column":56}},"2":{"start":{"line":6,"column":23},"end":{"line":6,"column":46}},"3":{"start":{"line":8,"column":0},"end":{"line":8,"column":55}},"4":{"start":{"line":9,"column":0},"end":{"line":9,"column":55}},"5":{"start":{"line":10,"column":0},"end":{"line":10,"column":51}},"6":{"start":{"line":11,"column":0},"end":{"line":11,"column":56}},"7":{"start":{"line":12,"column":0},"end":{"line":12,"column":53}},"8":{"start":{"line":13,"column":0},"end":{"line":13,"column":58}},"9":{"start":{"line":14,"column":0},"end":{"line":14,"column":35}},"10":{"start":{"line":16,"column":27},"end":{"line":72,"column":1}},"11":{"start":{"line":17,"column":28},"end":{"line":20,"column":4}},"12":{"start":{"line":27,"column":47},"end":{"line":41,"column":3}},"13":{"start":{"line":30,"column":4},"end":{"line":30,"column":83}},"14":{"start":{"line":30,"column":27},"end":{"line":30,"column":83}},"15":{"start":{"line":31,"column":4},"end":{"line":31,"column":45}},"16":{"start":{"line":31,"column":38},"end":{"line":31,"column":45}},"17":{"start":{"line":33,"column":4},"end":{"line":40,"column":null}},"18":{"start":{"line":34,"column":6},"end":{"line":38,"column":null}},"19":{"start":{"line":35,"column":8},"end":{"line":35,"column":69}},"20":{"start":{"line":37,"column":8},"end":{"line":37,"column":64}},"21":{"start":{"line":39,"column":6},"end":{"line":39,"column":32}},"22":{"start":{"line":43,"column":2},"end":{"line":70,"column":5}},"23":{"start":{"line":44,"column":4},"end":{"line":44,"column":42}},"24":{"start":{"line":44,"column":30},"end":{"line":44,"column":42}},"25":{"start":{"line":46,"column":4},"end":{"line":46,"column":52}},"26":{"start":{"line":46,"column":40},"end":{"line":46,"column":52}},"27":{"start":{"line":48,"column":25},"end":{"line":48,"column":29}},"28":{"start":{"line":49,"column":4},"end":{"line":67,"column":null}},"29":{"start":{"line":50,"column":25},"end":{"line":50,"column":72}},"30":{"start":{"line":51,"column":6},"end":{"line":56,"column":null}},"31":{"start":{"line":52,"column":8},"end":{"line":55,"column":10}},"32":{"start":{"line":58,"column":6},"end":{"line":62,"column":9}},"33":{"start":{"line":59,"column":8},"end":{"line":61,"column":10}},"34":{"start":{"line":63,"column":6},"end":{"line":63,"column":80}},"35":{"start":{"line":65,"column":6},"end":{"line":65,"column":29}},"36":{"start":{"line":66,"column":6},"end":{"line":66,"column":78}},"37":{"start":{"line":69,"column":4},"end":{"line":69,"column":36}},"38":{"start":{"line":69,"column":24},"end":{"line":69,"column":36}},"39":{"start":{"line":71,"column":2},"end":{"line":71,"column":16}},"40":{"start":{"line":74,"column":0},"end":{"line":74,"column":23}}},"fnMap":{"0":{"name":"(anonymous_0)","decl":{"start":{"line":16,"column":27},"end":{"line":16,"column":28}},"loc":{"start":{"line":16,"column":37},"end":{"line":72,"column":1}}},"1":{"name":"(anonymous_1)","decl":{"start":{"line":27,"column":47},"end":{"line":27,"column":null}},"loc":{"start":{"line":29,"column":6},"end":{"line":41,"column":3}}},"2":{"name":"(anonymous_2)","decl":{"start":{"line":43,"column":23},"end":{"line":43,"column":24}},"loc":{"start":{"line":43,"column":42},"end":{"line":70,"column":3}}},"3":{"name":"(anonymous_3)","decl":{"start":{"line":58,"column":37},"end":{"line":58,"column":38}},"loc":{"start":{"line":58,"column":50},"end":{"line":62,"column":7}}}},"branchMap":{"0":{"loc":{"start":{"line":30,"column":4},"end":{"line":30,"column":83}},"type":"if","locations":[{"start":{"line":30,"column":4},"end":{"line":30,"column":83}},{"start":{"line":30,"column":4},"end":{"line":30,"column":83}}]},"1":{"loc":{"start":{"line":31,"column":4},"end":{"line":31,"column":45}},"type":"if","locations":[{"start":{"line":31,"column":4},"end":{"line":31,"column":45}},{"start":{"line":31,"column":4},"end":{"line":31,"column":45}}]},"2":{"loc":{"start":{"line":33,"column":4},"end":{"line":40,"column":null}},"type":"if","locations":[{"start":{"line":33,"column":4},"end":{"line":40,"column":null}},{"start":{"line":33,"column":4},"end":{"line":40,"column":null}}]},"3":{"loc":{"start":{"line":34,"column":6},"end":{"line":38,"column":null}},"type":"if","locations":[{"start":{"line":34,"column":6},"end":{"line":38,"column":null}},{"start":{"line":34,"column":6},"end":{"line":38,"column":null}}]},"4":{"loc":{"start":{"line":44,"column":4},"end":{"line":44,"column":42}},"type":"if","locations":[{"start":{"line":44,"column":4},"end":{"line":44,"column":42}},{"start":{"line":44,"column":4},"end":{"line":44,"column":42}}]},"5":{"loc":{"start":{"line":46,"column":4},"end":{"line":46,"column":52}},"type":"if","locations":[{"start":{"line":46,"column":4},"end":{"line":46,"column":52}},{"start":{"line":46,"column":4},"end":{"line":46,"column":52}}]},"6":{"loc":{"start":{"line":51,"column":6},"end":{"line":56,"column":null}},"type":"if","locations":[{"start":{"line":51,"column":6},"end":{"line":56,"column":null}},{"start":{"line":51,"column":6},"end":{"line":56,"column":null}}]},"7":{"loc":{"start":{"line":63,"column":24},"end":{"line":63,"column":59}},"type":"binary-expr","locations":[{"start":{"line":63,"column":24},"end":{"line":63,"column":59}},{"start":{"line":63,"column":63},"end":{"line":63,"column":66}}]},"8":{"loc":{"start":{"line":69,"column":4},"end":{"line":69,"column":36}},"type":"if","locations":[{"start":{"line":69,"column":4},"end":{"line":69,"column":36}},{"start":{"line":69,"column":4},"end":{"line":69,"column":36}}]}},"s":{"0":12,"1":12,"2":12,"3":12,"4":12,"5":12,"6":12,"7":12,"8":12,"9":12,"10":12,"11":9,"12":9,"13":16,"14":5,"15":16,"16":3,"17":13,"18":12,"19":2,"20":10,"21":12,"22":9,"23":8,"24":0,"25":8,"26":0,"27":8,"28":8,"29":8,"30":8,"31":6,"32":8,"33":11,"34":8,"35":0,"36":0,"37":8,"38":8,"39":9,"40":12},"f":{"0":9,"1":16,"2":8,"3":11},"b":{"0":[5,11],"1":[3,13],"2":[12,1],"3":[2,10],"4":[0,8],"5":[0,8],"6":[6,2],"7":[8,0],"8":[8,0]}}
,"/Users/lap01267/Documents/workspace/RN_Project/miniapp-v2/packages/tcss/src/filterBlankRule.ts": {"path":"/Users/lap01267/Documents/workspace/RN_Project/miniapp-v2/packages/tcss/src/filterBlankRule.ts","statementMap":{"0":{"start":{"line":3,"column":0},"end":{"line":3,"column":50}},"1":{"start":{"line":5,"column":27},"end":{"line":24,"column":1}},"2":{"start":{"line":6,"column":28},"end":{"line":9,"column":4}},"3":{"start":{"line":11,"column":2},"end":{"line":22,"column":5}},"4":{"start":{"line":12,"column":4},"end":{"line":20,"column":null}},"5":{"start":{"line":13,"column":6},"end":{"line":18,"column":8}},"6":{"start":{"line":19,"column":6},"end":{"line":19,"column":19}},"7":{"start":{"line":21,"column":4},"end":{"line":21,"column":16}},"8":{"start":{"line":23,"column":2},"end":{"line":23,"column":16}},"9":{"start":{"line":26,"column":0},"end":{"line":26,"column":23}}},"fnMap":{"0":{"name":"(anonymous_0)","decl":{"start":{"line":5,"column":27},"end":{"line":5,"column":28}},"loc":{"start":{"line":5,"column":37},"end":{"line":24,"column":1}}},"1":{"name":"(anonymous_1)","decl":{"start":{"line":11,"column":30},"end":{"line":11,"column":31}},"loc":{"start":{"line":11,"column":49},"end":{"line":22,"column":3}}}},"branchMap":{"0":{"loc":{"start":{"line":12,"column":4},"end":{"line":20,"column":null}},"type":"if","locations":[{"start":{"line":12,"column":4},"end":{"line":20,"column":null}},{"start":{"line":12,"column":4},"end":{"line":20,"column":null}}]},"1":{"loc":{"start":{"line":12,"column":8},"end":{"line":12,"column":28}},"type":"binary-expr","locations":[{"start":{"line":12,"column":8},"end":{"line":12,"column":28}},{"start":{"line":12,"column":32},"end":{"line":12,"column":63}}]},"2":{"loc":{"start":{"line":12,"column":49},"end":{"line":12,"column":51}},"type":"cond-expr","locations":[{"start":{"line":12,"column":49},"end":{"line":12,"column":51}},{"start":{"line":12,"column":49},"end":{"line":12,"column":57}}]},"3":{"loc":{"start":{"line":12,"column":32},"end":{"line":12,"column":51}},"type":"binary-expr","locations":[{"start":{"line":12,"column":32},"end":{"line":12,"column":51}},{"start":{"line":12,"column":49},"end":{"line":12,"column":51}}]},"4":{"loc":{"start":{"line":16,"column":62},"end":{"line":16,"column":64}},"type":"cond-expr","locations":[{"start":{"line":16,"column":62},"end":{"line":16,"column":64}},{"start":{"line":16,"column":62},"end":{"line":16,"column":74}}]},"5":{"loc":{"start":{"line":16,"column":48},"end":{"line":16,"column":64}},"type":"binary-expr","locations":[{"start":{"line":16,"column":48},"end":{"line":16,"column":64}},{"start":{"line":16,"column":62},"end":{"line":16,"column":64}}]}},"s":{"0":0,"1":0,"2":0,"3":0,"4":0,"5":0,"6":0,"7":0,"8":0,"9":0},"f":{"0":0,"1":0},"b":{"0":[0,0],"1":[0,0],"2":[0,0],"3":[0,0],"4":[0,0],"5":[0,0]}}
,"/Users/lap01267/Documents/workspace/RN_Project/miniapp-v2/packages/tcss/src/global.d.ts": {"path":"/Users/lap01267/Documents/workspace/RN_Project/miniapp-v2/packages/tcss/src/global.d.ts","statementMap":{},"fnMap":{},"branchMap":{},"s":{},"f":{},"b":{},"inputSourceMap":null}
,"/Users/lap01267/Documents/workspace/RN_Project/miniapp-v2/packages/tcss/src/index.ts": {"path":"/Users/lap01267/Documents/workspace/RN_Project/miniapp-v2/packages/tcss/src/index.ts","statementMap":{"0":{"start":{"line":1,"column":0},"end":{"line":1,"column":38}},"1":{"start":{"line":3,"column":0},"end":{"line":3,"column":52}},"2":{"start":{"line":4,"column":0},"end":{"line":4,"column":80}},"3":{"start":{"line":5,"column":0},"end":{"line":5,"column":54}},"4":{"start":{"line":6,"column":0},"end":{"line":6,"column":38}},"5":{"start":{"line":7,"column":0},"end":{"line":7,"column":55}},"6":{"start":{"line":8,"column":0},"end":{"line":8,"column":45}},"7":{"start":{"line":9,"column":0},"end":{"line":9,"column":48}},"8":{"start":{"line":11,"column":13},"end":{"line":18,"column":2}},"9":{"start":{"line":21,"column":30},"end":{"line":21,"column":32}},"10":{"start":{"line":22,"column":36},"end":{"line":22,"column":38}},"11":{"start":{"line":23,"column":2},"end":{"line":34,"column":null}},"12":{"start":{"line":24,"column":4},"end":{"line":24,"column":58}},"13":{"start":{"line":26,"column":4},"end":{"line":28,"column":7}},"14":{"start":{"line":30,"column":4},"end":{"line":33,"column":6}},"15":{"start":{"line":35,"column":2},"end":{"line":38,"column":4}},"16":{"start":{"line":46,"column":30},"end":{"line":46,"column":56}},"17":{"start":{"line":47,"column":2},"end":{"line":55,"column":4}},"18":{"start":{"line":49,"column":34},"end":{"line":49,"column":63}},"19":{"start":{"line":50,"column":6},"end":{"line":50,"column":27}},"20":{"start":{"line":51,"column":6},"end":{"line":51,"column":40}},"21":{"start":{"line":52,"column":6},"end":{"line":52,"column":20}},"22":{"start":{"line":41,"column":0},"end":{"line":41,"column":16}},"23":{"start":{"line":59,"column":14},"end":{"line":59,"column":31}},"24":{"start":{"line":60,"column":2},"end":{"line":60,"column":57}},"25":{"start":{"line":60,"column":23},"end":{"line":60,"column":57}},"26":{"start":{"line":61,"column":2},"end":{"line":61,"column":43}},"27":{"start":{"line":63,"column":2},"end":{"line":63,"column":32}},"28":{"start":{"line":58,"column":0},"end":{"line":58,"column":16}},"29":{"start":{"line":67,"column":2},"end":{"line":67,"column":34}},"30":{"start":{"line":66,"column":0},"end":{"line":66,"column":16}}},"fnMap":{"0":{"name":"parseSourceToRules","decl":{"start":{"line":20,"column":9},"end":{"line":20,"column":27}},"loc":{"start":{"line":20,"column":42},"end":{"line":39,"column":1}}},"1":{"name":"transformCss","decl":{"start":{"line":41,"column":16},"end":{"line":41,"column":28}},"loc":{"start":{"line":44,"column":44},"end":{"line":56,"column":1}}},"2":{"name":"(anonymous_3)","decl":{"start":{"line":48,"column":4},"end":{"line":48,"column":5}},"loc":{"start":{"line":48,"column":23},"end":{"line":53,"column":5}}},"3":{"name":"rulesToCss","decl":{"start":{"line":58,"column":16},"end":{"line":58,"column":26}},"loc":{"start":{"line":58,"column":48},"end":{"line":64,"column":1}}},"4":{"name":"parseImports","decl":{"start":{"line":66,"column":16},"end":{"line":66,"column":28}},"loc":{"start":{"line":66,"column":43},"end":{"line":68,"column":1}}}},"branchMap":{"0":{"loc":{"start":{"line":24,"column":12},"end":{"line":24,"column":51}},"type":"binary-expr","locations":[{"start":{"line":24,"column":12},"end":{"line":24,"column":51}},{"start":{"line":24,"column":55},"end":{"line":24,"column":57}}]},"1":{"loc":{"start":{"line":24,"column":44},"end":{"line":24,"column":46}},"type":"cond-expr","locations":[{"start":{"line":24,"column":44},"end":{"line":24,"column":46}},{"start":{"line":24,"column":44},"end":{"line":24,"column":51}}]},"2":{"loc":{"start":{"line":24,"column":12},"end":{"line":24,"column":46}},"type":"binary-expr","locations":[{"start":{"line":24,"column":12},"end":{"line":24,"column":46}},{"start":{"line":24,"column":44},"end":{"line":24,"column":46}}]},"3":{"loc":{"start":{"line":44,"column":30},"end":{"line":44,"column":44}},"type":"default-arg","locations":[{"start":{"line":44,"column":30},"end":{"line":44,"column":44}}]},"4":{"loc":{"start":{"line":60,"column":2},"end":{"line":60,"column":57}},"type":"if","locations":[{"start":{"line":60,"column":2},"end":{"line":60,"column":57}},{"start":{"line":60,"column":2},"end":{"line":60,"column":57}}]}},"s":{"0":12,"1":12,"2":12,"3":12,"4":12,"5":12,"6":12,"7":12,"8":12,"9":50,"10":50,"11":50,"12":50,"13":1,"14":1,"15":49,"16":50,"17":50,"18":60,"19":60,"20":60,"21":60,"22":12,"23":50,"24":50,"25":0,"26":50,"27":50,"28":12,"29":0,"30":12},"f":{"0":50,"1":50,"2":60,"3":50,"4":0},"b":{"0":[50,0],"1":[0,49],"2":[50,49],"3":[2],"4":[0,50]}}
,"/Users/lap01267/Documents/workspace/RN_Project/miniapp-v2/packages/tcss/src/parseImport.ts": {"path":"/Users/lap01267/Documents/workspace/RN_Project/miniapp-v2/packages/tcss/src/parseImport.ts","statementMap":{"0":{"start":{"line":1,"column":0},"end":{"line":1,"column":22}},"1":{"start":{"line":5,"column":16},"end":{"line":9,"column":6}},"2":{"start":{"line":6,"column":4},"end":{"line":8,"column":14}},"3":{"start":{"line":7,"column":6},"end":{"line":7,"column":53}},"4":{"start":{"line":11,"column":2},"end":{"line":13,"column":null}},"5":{"start":{"line":12,"column":4},"end":{"line":12,"column":14}},"6":{"start":{"line":15,"column":32},"end":{"line":15,"column":34}},"7":{"start":{"line":16,"column":2},"end":{"line":32,"column":5}},"8":{"start":{"line":17,"column":4},"end":{"line":19,"column":null}},"9":{"start":{"line":18,"column":6},"end":{"line":18,"column":13}},"10":{"start":{"line":21,"column":23},"end":{"line":21,"column":38}},"11":{"start":{"line":22,"column":39},"end":{"line":22,"column":49}},"12":{"start":{"line":23,"column":24},"end":{"line":23,"column":61}},"13":{"start":{"line":24,"column":4},"end":{"line":26,"column":null}},"14":{"start":{"line":25,"column":6},"end":{"line":25,"column":40}},"15":{"start":{"line":27,"column":4},"end":{"line":29,"column":null}},"16":{"start":{"line":28,"column":6},"end":{"line":28,"column":13}},"17":{"start":{"line":31,"column":4},"end":{"line":31,"column":47}},"18":{"start":{"line":34,"column":2},"end":{"line":34,"column":16}},"19":{"start":{"line":3,"column":0},"end":{"line":3,"column":24}}},"fnMap":{"0":{"name":"parseImports","decl":{"start":{"line":3,"column":24},"end":{"line":3,"column":36}},"loc":{"start":{"line":3,"column":51},"end":{"line":35,"column":1}}},"1":{"name":"(anonymous_2)","decl":{"start":{"line":5,"column":17},"end":{"line":5,"column":20}},"loc":{"start":{"line":5,"column":22},"end":{"line":9,"column":3}}},"2":{"name":"(anonymous_3)","decl":{"start":{"line":16,"column":16},"end":{"line":16,"column":17}},"loc":{"start":{"line":16,"column":22},"end":{"line":32,"column":3}}}},"branchMap":{"0":{"loc":{"start":{"line":7,"column":45},"end":{"line":7,"column":47}},"type":"cond-expr","locations":[{"start":{"line":7,"column":45},"end":{"line":7,"column":47}},{"start":{"line":7,"column":45},"end":{"line":7,"column":52}}]},"1":{"loc":{"start":{"line":7,"column":13},"end":{"line":7,"column":47}},"type":"binary-expr","locations":[{"start":{"line":7,"column":13},"end":{"line":7,"column":47}},{"start":{"line":7,"column":45},"end":{"line":7,"column":47}}]},"2":{"loc":{"start":{"line":11,"column":2},"end":{"line":13,"column":null}},"type":"if","locations":[{"start":{"line":11,"column":2},"end":{"line":13,"column":null}},{"start":{"line":11,"column":2},"end":{"line":13,"column":null}}]},"3":{"loc":{"start":{"line":17,"column":4},"end":{"line":19,"column":null}},"type":"if","locations":[{"start":{"line":17,"column":4},"end":{"line":19,"column":null}},{"start":{"line":17,"column":4},"end":{"line":19,"column":null}}]},"4":{"loc":{"start":{"line":23,"column":41},"end":{"line":23,"column":43}},"type":"cond-expr","locations":[{"start":{"line":23,"column":41},"end":{"line":23,"column":43}},{"start":{"line":23,"column":41},"end":{"line":23,"column":61}}]},"5":{"loc":{"start":{"line":23,"column":24},"end":{"line":23,"column":43}},"type":"binary-expr","locations":[{"start":{"line":23,"column":24},"end":{"line":23,"column":43}},{"start":{"line":23,"column":41},"end":{"line":23,"column":43}}]},"6":{"loc":{"start":{"line":24,"column":4},"end":{"line":26,"column":null}},"type":"if","locations":[{"start":{"line":24,"column":4},"end":{"line":26,"column":null}},{"start":{"line":24,"column":4},"end":{"line":26,"column":null}}]},"7":{"loc":{"start":{"line":24,"column":8},"end":{"line":24,"column":19}},"type":"binary-expr","locations":[{"start":{"line":24,"column":8},"end":{"line":24,"column":19}},{"start":{"line":24,"column":23},"end":{"line":24,"column":45}}]},"8":{"loc":{"start":{"line":27,"column":4},"end":{"line":29,"column":null}},"type":"if","locations":[{"start":{"line":27,"column":4},"end":{"line":29,"column":null}},{"start":{"line":27,"column":4},"end":{"line":29,"column":null}}]}},"s":{"0":12,"1":0,"2":0,"3":0,"4":0,"5":0,"6":0,"7":0,"8":0,"9":0,"10":0,"11":0,"12":0,"13":0,"14":0,"15":0,"16":0,"17":0,"18":0,"19":12},"f":{"0":0,"1":0,"2":0},"b":{"0":[0,0],"1":[0,0],"2":[0,0],"3":[0,0],"4":[0,0],"5":[0,0],"6":[0,0],"7":[0,0],"8":[0,0]}}
,"/Users/lap01267/Documents/workspace/RN_Project/miniapp-v2/packages/tcss/src/preventOverrideDefaultVariables.ts": {"path":"/Users/lap01267/Documents/workspace/RN_Project/miniapp-v2/packages/tcss/src/preventOverrideDefaultVariables.ts","statementMap":{"0":{"start":{"line":3,"column":0},"end":{"line":3,"column":74}},"1":{"start":{"line":5,"column":13},"end":{"line":12,"column":2}},"2":{"start":{"line":14,"column":27},"end":{"line":42,"column":1}},"3":{"start":{"line":15,"column":28},"end":{"line":18,"column":4}},"4":{"start":{"line":20,"column":2},"end":{"line":40,"column":5}},"5":{"start":{"line":21,"column":4},"end":{"line":21,"column":37}},"6":{"start":{"line":21,"column":30},"end":{"line":21,"column":37}},"7":{"start":{"line":23,"column":4},"end":{"line":23,"column":50}},"8":{"start":{"line":23,"column":43},"end":{"line":23,"column":50}},"9":{"start":{"line":25,"column":4},"end":{"line":39,"column":7}},"10":{"start":{"line":26,"column":23},"end":{"line":26,"column":58}},"11":{"start":{"line":27,"column":6},"end":{"line":37,"column":null}},"12":{"start":{"line":28,"column":8},"end":{"line":36,"column":null}},"13":{"start":{"line":29,"column":10},"end":{"line":34,"column":12}},"14":{"start":{"line":35,"column":10},"end":{"line":35,"column":23}},"15":{"start":{"line":38,"column":6},"end":{"line":38,"column":18}},"16":{"start":{"line":41,"column":2},"end":{"line":41,"column":16}},"17":{"start":{"line":44,"column":0},"end":{"line":44,"column":23}}},"fnMap":{"0":{"name":"(anonymous_0)","decl":{"start":{"line":14,"column":27},"end":{"line":14,"column":28}},"loc":{"start":{"line":14,"column":37},"end":{"line":42,"column":1}}},"1":{"name":"(anonymous_1)","decl":{"start":{"line":20,"column":16},"end":{"line":20,"column":17}},"loc":{"start":{"line":20,"column":35},"end":{"line":40,"column":3}}},"2":{"name":"(anonymous_2)","decl":{"start":{"line":25,"column":49},"end":{"line":25,"column":50}},"loc":{"start":{"line":25,"column":82},"end":{"line":39,"column":5}}}},"branchMap":{"0":{"loc":{"start":{"line":21,"column":4},"end":{"line":21,"column":37}},"type":"if","locations":[{"start":{"line":21,"column":4},"end":{"line":21,"column":37}},{"start":{"line":21,"column":4},"end":{"line":21,"column":37}}]},"1":{"loc":{"start":{"line":23,"column":4},"end":{"line":23,"column":50}},"type":"if","locations":[{"start":{"line":23,"column":4},"end":{"line":23,"column":50}},{"start":{"line":23,"column":4},"end":{"line":23,"column":50}}]},"2":{"loc":{"start":{"line":27,"column":6},"end":{"line":37,"column":null}},"type":"if","locations":[{"start":{"line":27,"column":6},"end":{"line":37,"column":null}},{"start":{"line":27,"column":6},"end":{"line":37,"column":null}}]},"3":{"loc":{"start":{"line":28,"column":8},"end":{"line":36,"column":null}},"type":"if","locations":[{"start":{"line":28,"column":8},"end":{"line":36,"column":null}},{"start":{"line":28,"column":8},"end":{"line":36,"column":null}}]}},"s":{"0":12,"1":12,"2":12,"3":8,"4":8,"5":8,"6":0,"7":8,"8":0,"9":8,"10":14,"11":14,"12":6,"13":6,"14":6,"15":8,"16":8,"17":12},"f":{"0":8,"1":8,"2":14},"b":{"0":[0,8],"1":[0,8],"2":[6,8],"3":[6,0]}}
,"/Users/lap01267/Documents/workspace/RN_Project/miniapp-v2/packages/tcss/src/removeCssComments.ts": {"path":"/Users/lap01267/Documents/workspace/RN_Project/miniapp-v2/packages/tcss/src/removeCssComments.ts","statementMap":{"0":{"start":{"line":4,"column":27},"end":{"line":21,"column":1}},"1":{"start":{"line":5,"column":28},"end":{"line":8,"column":4}},"2":{"start":{"line":9,"column":2},"end":{"line":12,"column":5}},"3":{"start":{"line":10,"column":4},"end":{"line":10,"column":46}},"4":{"start":{"line":10,"column":33},"end":{"line":10,"column":46}},"5":{"start":{"line":11,"column":4},"end":{"line":11,"column":16}},"6":{"start":{"line":13,"column":2},"end":{"line":19,"column":5}},"7":{"start":{"line":14,"column":4},"end":{"line":18,"column":9}},"8":{"start":{"line":15,"column":6},"end":{"line":18,"column":9}},"9":{"start":{"line":16,"column":8},"end":{"line":16,"column":47}},"10":{"start":{"line":16,"column":34},"end":{"line":16,"column":47}},"11":{"start":{"line":17,"column":8},"end":{"line":17,"column":20}},"12":{"start":{"line":20,"column":2},"end":{"line":20,"column":16}},"13":{"start":{"line":23,"column":0},"end":{"line":23,"column":23}}},"fnMap":{"0":{"name":"(anonymous_0)","decl":{"start":{"line":4,"column":27},"end":{"line":4,"column":28}},"loc":{"start":{"line":4,"column":37},"end":{"line":21,"column":1}}},"1":{"name":"(anonymous_1)","decl":{"start":{"line":9,"column":30},"end":{"line":9,"column":31}},"loc":{"start":{"line":9,"column":49},"end":{"line":12,"column":3}}},"2":{"name":"(anonymous_2)","decl":{"start":{"line":13,"column":16},"end":{"line":13,"column":17}},"loc":{"start":{"line":13,"column":35},"end":{"line":19,"column":3}}},"3":{"name":"(anonymous_3)","decl":{"start":{"line":15,"column":52},"end":{"line":15,"column":53}},"loc":{"start":{"line":15,"column":75},"end":{"line":18,"column":7}}}},"branchMap":{"0":{"loc":{"start":{"line":10,"column":4},"end":{"line":10,"column":46}},"type":"if","locations":[{"start":{"line":10,"column":4},"end":{"line":10,"column":46}},{"start":{"line":10,"column":4},"end":{"line":10,"column":46}}]},"1":{"loc":{"start":{"line":14,"column":4},"end":{"line":18,"column":9}},"type":"if","locations":[{"start":{"line":14,"column":4},"end":{"line":18,"column":9}},{"start":{"line":14,"column":4},"end":{"line":18,"column":9}}]},"2":{"loc":{"start":{"line":15,"column":43},"end":{"line":15,"column":45}},"type":"cond-expr","locations":[{"start":{"line":15,"column":43},"end":{"line":15,"column":45}},{"start":{"line":15,"column":43},"end":{"line":18,"column":8}}]},"3":{"loc":{"start":{"line":15,"column":26},"end":{"line":15,"column":45}},"type":"binary-expr","locations":[{"start":{"line":15,"column":26},"end":{"line":15,"column":45}},{"start":{"line":15,"column":43},"end":{"line":15,"column":45}}]},"4":{"loc":{"start":{"line":16,"column":8},"end":{"line":16,"column":47}},"type":"if","locations":[{"start":{"line":16,"column":8},"end":{"line":16,"column":47}},{"start":{"line":16,"column":8},"end":{"line":16,"column":47}}]}},"s":{"0":12,"1":4,"2":4,"3":4,"4":1,"5":3,"6":4,"7":4,"8":3,"9":6,"10":3,"11":3,"12":4,"13":12},"f":{"0":4,"1":4,"2":4,"3":6},"b":{"0":[1,3],"1":[3,1],"2":[0,3],"3":[3,3],"4":[3,3]}}
,"/Users/lap01267/Documents/workspace/RN_Project/miniapp-v2/packages/tcss/src/removeUnsupportedCssAtRule.ts": {"path":"/Users/lap01267/Documents/workspace/RN_Project/miniapp-v2/packages/tcss/src/removeUnsupportedCssAtRule.ts","statementMap":{"0":{"start":{"line":3,"column":0},"end":{"line":3,"column":31}},"1":{"start":{"line":4,"column":0},"end":{"line":4,"column":50}},"2":{"start":{"line":6,"column":27},"end":{"line":39,"column":1}},"3":{"start":{"line":7,"column":28},"end":{"line":10,"column":4}},"4":{"start":{"line":11,"column":29},"end":{"line":11,"column":52}},"5":{"start":{"line":12,"column":26},"end":{"line":14,"column":3}},"6":{"start":{"line":13,"column":4},"end":{"line":13,"column":43}},"7":{"start":{"line":15,"column":2},"end":{"line":37,"column":5}},"8":{"start":{"line":17,"column":4},"end":{"line":19,"column":null}},"9":{"start":{"line":18,"column":6},"end":{"line":18,"column":18}},"10":{"start":{"line":21,"column":4},"end":{"line":27,"column":null}},"11":{"start":{"line":22,"column":6},"end":{"line":24,"column":8}},"12":{"start":{"line":26,"column":6},"end":{"line":26,"column":19}},"13":{"start":{"line":28,"column":30},"end":{"line":28,"column":70}},"14":{"start":{"line":29,"column":4},"end":{"line":35,"column":null}},"15":{"start":{"line":30,"column":6},"end":{"line":32,"column":8}},"16":{"start":{"line":34,"column":6},"end":{"line":34,"column":19}},"17":{"start":{"line":36,"column":4},"end":{"line":36,"column":16}},"18":{"start":{"line":38,"column":2},"end":{"line":38,"column":16}},"19":{"start":{"line":41,"column":0},"end":{"line":41,"column":23}}},"fnMap":{"0":{"name":"(anonymous_1)","decl":{"start":{"line":6,"column":27},"end":{"line":6,"column":28}},"loc":{"start":{"line":6,"column":37},"end":{"line":39,"column":1}}},"1":{"name":"(anonymous_2)","decl":{"start":{"line":12,"column":26},"end":{"line":12,"column":27}},"loc":{"start":{"line":12,"column":43},"end":{"line":14,"column":3}}},"2":{"name":"(anonymous_3)","decl":{"start":{"line":15,"column":30},"end":{"line":15,"column":31}},"loc":{"start":{"line":15,"column":49},"end":{"line":37,"column":3}}}},"branchMap":{"0":{"loc":{"start":{"line":17,"column":4},"end":{"line":19,"column":null}},"type":"if","locations":[{"start":{"line":17,"column":4},"end":{"line":19,"column":null}},{"start":{"line":17,"column":4},"end":{"line":19,"column":null}}]},"1":{"loc":{"start":{"line":21,"column":4},"end":{"line":27,"column":null}},"type":"if","locations":[{"start":{"line":21,"column":4},"end":{"line":27,"column":null}},{"start":{"line":21,"column":4},"end":{"line":27,"column":null}}]},"2":{"loc":{"start":{"line":28,"column":38},"end":{"line":28,"column":52}},"type":"binary-expr","locations":[{"start":{"line":28,"column":38},"end":{"line":28,"column":52}},{"start":{"line":28,"column":56},"end":{"line":28,"column":58}}]},"3":{"loc":{"start":{"line":29,"column":4},"end":{"line":35,"column":null}},"type":"if","locations":[{"start":{"line":29,"column":4},"end":{"line":35,"column":null}},{"start":{"line":29,"column":4},"end":{"line":35,"column":null}}]},"4":{"loc":{"start":{"line":31,"column":56},"end":{"line":31,"column":70}},"type":"binary-expr","locations":[{"start":{"line":31,"column":56},"end":{"line":31,"column":70}},{"start":{"line":31,"column":74},"end":{"line":31,"column":76}}]}},"s":{"0":1,"1":1,"2":1,"3":6,"4":6,"5":6,"6":5,"7":6,"8":8,"9":3,"10":5,"11":3,"12":3,"13":2,"14":2,"15":1,"16":1,"17":1,"18":6,"19":1},"f":{"0":6,"1":5,"2":8},"b":{"0":[3,5],"1":[3,2],"2":[2,0],"3":[1,1],"4":[1,0]}}
,"/Users/lap01267/Documents/workspace/RN_Project/miniapp-v2/packages/tcss/src/resolveUrlValue.ts": {"path":"/Users/lap01267/Documents/workspace/RN_Project/miniapp-v2/packages/tcss/src/resolveUrlValue.ts","statementMap":{"0":{"start":{"line":5,"column":0},"end":{"line":5,"column":31}},"1":{"start":{"line":6,"column":0},"end":{"line":6,"column":24}},"2":{"start":{"line":9,"column":2},"end":{"line":18,"column":null}},"3":{"start":{"line":10,"column":4},"end":{"line":10,"column":43}},"4":{"start":{"line":11,"column":9},"end":{"line":18,"column":null}},"5":{"start":{"line":12,"column":24},"end":{"line":16,"column":26}},"6":{"start":{"line":17,"column":4},"end":{"line":17,"column":50}},"7":{"start":{"line":19,"column":2},"end":{"line":19,"column":15}},"8":{"start":{"line":22,"column":27},"end":{"line":61,"column":1}},"9":{"start":{"line":23,"column":28},"end":{"line":26,"column":4}},"10":{"start":{"line":28,"column":24},"end":{"line":32,"column":4}},"11":{"start":{"line":34,"column":2},"end":{"line":58,"column":5}},"12":{"start":{"line":35,"column":4},"end":{"line":35,"column":50}},"13":{"start":{"line":35,"column":43},"end":{"line":35,"column":50}},"14":{"start":{"line":37,"column":4},"end":{"line":57,"column":7}},"15":{"start":{"line":38,"column":6},"end":{"line":55,"column":16}},"16":{"start":{"line":39,"column":20},"end":{"line":41,"column":10}},"17":{"start":{"line":42,"column":8},"end":{"line":46,"column":11}},"18":{"start":{"line":43,"column":10},"end":{"line":45,"column":null}},"19":{"start":{"line":44,"column":12},"end":{"line":44,"column":75}},"20":{"start":{"line":48,"column":24},"end":{"line":48,"column":45}},"21":{"start":{"line":49,"column":8},"end":{"line":54,"column":49}},"22":{"start":{"line":56,"column":6},"end":{"line":56,"column":25}},"23":{"start":{"line":60,"column":2},"end":{"line":60,"column":16}},"24":{"start":{"line":63,"column":0},"end":{"line":63,"column":23}}},"fnMap":{"0":{"name":"resolveUrl","decl":{"start":{"line":8,"column":9},"end":{"line":8,"column":19}},"loc":{"start":{"line":8,"column":57},"end":{"line":20,"column":1}}},"1":{"name":"(anonymous_2)","decl":{"start":{"line":22,"column":27},"end":{"line":22,"column":28}},"loc":{"start":{"line":22,"column":46},"end":{"line":61,"column":1}}},"2":{"name":"(anonymous_3)","decl":{"start":{"line":34,"column":16},"end":{"line":34,"column":17}},"loc":{"start":{"line":34,"column":35},"end":{"line":58,"column":3}}},"3":{"name":"(anonymous_4)","decl":{"start":{"line":37,"column":46},"end":{"line":37,"column":47}},"loc":{"start":{"line":37,"column":79},"end":{"line":57,"column":5}}},"4":{"name":"(anonymous_5)","decl":{"start":{"line":42,"column":26},"end":{"line":42,"column":36}},"loc":{"start":{"line":42,"column":45},"end":{"line":46,"column":9}}}},"branchMap":{"0":{"loc":{"start":{"line":9,"column":2},"end":{"line":18,"column":null}},"type":"if","locations":[{"start":{"line":9,"column":2},"end":{"line":18,"column":null}},{"start":{"line":9,"column":2},"end":{"line":18,"column":null}}]},"1":{"loc":{"start":{"line":11,"column":9},"end":{"line":18,"column":null}},"type":"if","locations":[{"start":{"line":11,"column":9},"end":{"line":18,"column":null}},{"start":{"line":11,"column":9},"end":{"line":18,"column":null}}]},"2":{"loc":{"start":{"line":28,"column":24},"end":{"line":28,"column":31}},"type":"binary-expr","locations":[{"start":{"line":28,"column":24},"end":{"line":28,"column":31}},{"start":{"line":28,"column":35},"end":{"line":32,"column":4}}]},"3":{"loc":{"start":{"line":35,"column":4},"end":{"line":35,"column":50}},"type":"if","locations":[{"start":{"line":35,"column":4},"end":{"line":35,"column":50}},{"start":{"line":35,"column":4},"end":{"line":35,"column":50}}]},"4":{"loc":{"start":{"line":43,"column":10},"end":{"line":45,"column":null}},"type":"if","locations":[{"start":{"line":43,"column":10},"end":{"line":45,"column":null}},{"start":{"line":43,"column":10},"end":{"line":45,"column":null}}]},"5":{"loc":{"start":{"line":43,"column":14},"end":{"line":43,"column":18}},"type":"binary-expr","locations":[{"start":{"line":43,"column":14},"end":{"line":43,"column":18}},{"start":{"line":43,"column":22},"end":{"line":43,"column":41}}]}},"s":{"0":12,"1":12,"2":5,"3":2,"4":3,"5":3,"6":3,"7":0,"8":12,"9":7,"10":7,"11":7,"12":7,"13":0,"14":7,"15":9,"16":9,"17":9,"18":56,"19":5,"20":9,"21":9,"22":9,"23":7,"24":12},"f":{"0":5,"1":7,"2":7,"3":9,"4":56},"b":{"0":[2,3],"1":[3,0],"2":[7,0],"3":[0,7],"4":[5,51],"5":[56,56]}}
,"/Users/lap01267/Documents/workspace/RN_Project/miniapp-v2/packages/tcss/src/utils.ts": {"path":"/Users/lap01267/Documents/workspace/RN_Project/miniapp-v2/packages/tcss/src/utils.ts","statementMap":{"0":{"start":{"line":27,"column":13},"end":{"line":29,"column":null}},"1":{"start":{"line":32,"column":2},"end":{"line":32,"column":15}},"2":{"start":{"line":26,"column":0},"end":{"line":26,"column":16}},"3":{"start":{"line":39,"column":13},"end":{"line":41,"column":null}},"4":{"start":{"line":43,"column":2},"end":{"line":43,"column":15}},"5":{"start":{"line":35,"column":0},"end":{"line":35,"column":16}},"6":{"start":{"line":47,"column":2},"end":{"line":47,"column":31}},"7":{"start":{"line":46,"column":0},"end":{"line":46,"column":16}}},"fnMap":{"0":{"name":"createCssErrorsFromRule","decl":{"start":{"line":26,"column":16},"end":{"line":26,"column":39}},"loc":{"start":{"line":26,"column":68},"end":{"line":33,"column":1}}},"1":{"name":"createCssErrorFromRuleDeclaration","decl":{"start":{"line":35,"column":16},"end":{"line":35,"column":49}},"loc":{"start":{"line":37,"column":14},"end":{"line":44,"column":1}}},"2":{"name":"isDeclareVar","decl":{"start":{"line":46,"column":16},"end":{"line":46,"column":28}},"loc":{"start":{"line":46,"column":41},"end":{"line":48,"column":1}}}},"branchMap":{"0":{"loc":{"start":{"line":29,"column":20},"end":{"line":29,"column":22}},"type":"cond-expr","locations":[{"start":{"line":29,"column":20},"end":{"line":29,"column":22}},{"start":{"line":29,"column":20},"end":{"line":29,"column":27}}]},"1":{"loc":{"start":{"line":29,"column":7},"end":{"line":29,"column":22}},"type":"binary-expr","locations":[{"start":{"line":29,"column":7},"end":{"line":29,"column":22}},{"start":{"line":29,"column":20},"end":{"line":29,"column":22}}]},"2":{"loc":{"start":{"line":41,"column":8},"end":{"line":41,"column":36}},"type":"binary-expr","locations":[{"start":{"line":41,"column":8},"end":{"line":41,"column":36}},{"start":{"line":41,"column":40},"end":{"line":41,"column":42}}]},"3":{"loc":{"start":{"line":41,"column":29},"end":{"line":41,"column":31}},"type":"cond-expr","locations":[{"start":{"line":41,"column":29},"end":{"line":41,"column":31}},{"start":{"line":41,"column":29},"end":{"line":41,"column":36}}]},"4":{"loc":{"start":{"line":41,"column":8},"end":{"line":41,"column":31}},"type":"binary-expr","locations":[{"start":{"line":41,"column":8},"end":{"line":41,"column":31}},{"start":{"line":41,"column":29},"end":{"line":41,"column":31}}]},"5":{"loc":{"start":{"line":41,"column":19},"end":{"line":41,"column":21}},"type":"cond-expr","locations":[{"start":{"line":41,"column":19},"end":{"line":41,"column":21}},{"start":{"line":41,"column":8},"end":{"line":41,"column":29}}]},"6":{"loc":{"start":{"line":41,"column":8},"end":{"line":41,"column":21}},"type":"binary-expr","locations":[{"start":{"line":41,"column":8},"end":{"line":41,"column":21}},{"start":{"line":41,"column":8},"end":{"line":41,"column":21}}]}},"s":{"0":9,"1":9,"2":12,"3":8,"4":8,"5":12,"6":17,"7":12},"f":{"0":9,"1":8,"2":17},"b":{"0":[0,9],"1":[9,9],"2":[8,0],"3":[0,8],"4":[8,8],"5":[0,8],"6":[8,8]}}
,"/Users/lap01267/Documents/workspace/RN_Project/miniapp-v2/packages/tcss/src/validateCssProperties.ts": {"path":"/Users/lap01267/Documents/workspace/RN_Project/miniapp-v2/packages/tcss/src/validateCssProperties.ts","statementMap":{"0":{"start":{"line":3,"column":0},"end":{"line":3,"column":42}},"1":{"start":{"line":4,"column":0},"end":{"line":4,"column":60}},"2":{"start":{"line":7,"column":2},"end":{"line":7,"column":41}},"3":{"start":{"line":7,"column":29},"end":{"line":7,"column":41}},"4":{"start":{"line":8,"column":2},"end":{"line":8,"column":15}},"5":{"start":{"line":11,"column":27},"end":{"line":38,"column":1}},"6":{"start":{"line":12,"column":28},"end":{"line":15,"column":4}},"7":{"start":{"line":17,"column":2},"end":{"line":36,"column":5}},"8":{"start":{"line":18,"column":4},"end":{"line":18,"column":37}},"9":{"start":{"line":18,"column":30},"end":{"line":18,"column":37}},"10":{"start":{"line":20,"column":4},"end":{"line":20,"column":50}},"11":{"start":{"line":20,"column":43},"end":{"line":20,"column":50}},"12":{"start":{"line":22,"column":4},"end":{"line":35,"column":7}},"13":{"start":{"line":23,"column":6},"end":{"line":23,"column":66}},"14":{"start":{"line":23,"column":54},"end":{"line":23,"column":66}},"15":{"start":{"line":25,"column":6},"end":{"line":33,"column":null}},"16":{"start":{"line":26,"column":22},"end":{"line":26,"column":98}},"17":{"start":{"line":26,"column":58},"end":{"line":26,"column":97}},"18":{"start":{"line":27,"column":8},"end":{"line":29,"column":null}},"19":{"start":{"line":28,"column":10},"end":{"line":28,"column":79}},"20":{"start":{"line":30,"column":8},"end":{"line":30,"column":20}},"21":{"start":{"line":32,"column":8},"end":{"line":32,"column":97}},"22":{"start":{"line":34,"column":6},"end":{"line":34,"column":19}},"23":{"start":{"line":37,"column":2},"end":{"line":37,"column":16}},"24":{"start":{"line":40,"column":0},"end":{"line":40,"column":23}}},"fnMap":{"0":{"name":"isDeclareVar","decl":{"start":{"line":6,"column":9},"end":{"line":6,"column":21}},"loc":{"start":{"line":6,"column":34},"end":{"line":9,"column":1}}},"1":{"name":"(anonymous_1)","decl":{"start":{"line":11,"column":27},"end":{"line":11,"column":28}},"loc":{"start":{"line":11,"column":37},"end":{"line":38,"column":1}}},"2":{"name":"(anonymous_2)","decl":{"start":{"line":17,"column":16},"end":{"line":17,"column":17}},"loc":{"start":{"line":17,"column":35},"end":{"line":36,"column":3}}},"3":{"name":"(anonymous_3)","decl":{"start":{"line":22,"column":49},"end":{"line":22,"column":50}},"loc":{"start":{"line":22,"column":82},"end":{"line":35,"column":5}}},"4":{"name":"(anonymous_4)","decl":{"start":{"line":26,"column":51},"end":{"line":26,"column":52}},"loc":{"start":{"line":26,"column":58},"end":{"line":26,"column":97}}}},"branchMap":{"0":{"loc":{"start":{"line":7,"column":2},"end":{"line":7,"column":41}},"type":"if","locations":[{"start":{"line":7,"column":2},"end":{"line":7,"column":41}},{"start":{"line":7,"column":2},"end":{"line":7,"column":41}}]},"1":{"loc":{"start":{"line":18,"column":4},"end":{"line":18,"column":37}},"type":"if","locations":[{"start":{"line":18,"column":4},"end":{"line":18,"column":37}},{"start":{"line":18,"column":4},"end":{"line":18,"column":37}}]},"2":{"loc":{"start":{"line":20,"column":4},"end":{"line":20,"column":50}},"type":"if","locations":[{"start":{"line":20,"column":4},"end":{"line":20,"column":50}},{"start":{"line":20,"column":4},"end":{"line":20,"column":50}}]},"3":{"loc":{"start":{"line":23,"column":6},"end":{"line":23,"column":66}},"type":"if","locations":[{"start":{"line":23,"column":6},"end":{"line":23,"column":66}},{"start":{"line":23,"column":6},"end":{"line":23,"column":66}}]},"4":{"loc":{"start":{"line":27,"column":8},"end":{"line":29,"column":null}},"type":"if","locations":[{"start":{"line":27,"column":8},"end":{"line":29,"column":null}},{"start":{"line":27,"column":8},"end":{"line":29,"column":null}}]}},"s":{"0":1,"1":1,"2":3,"3":1,"4":2,"5":1,"6":2,"7":2,"8":2,"9":0,"10":2,"11":0,"12":2,"13":3,"14":1,"15":2,"16":2,"17":980,"18":2,"19":1,"20":1,"21":1,"22":1,"23":2,"24":1},"f":{"0":3,"1":2,"2":2,"3":3,"4":980},"b":{"0":[1,2],"1":[0,2],"2":[0,2],"3":[1,2],"4":[1,1]}}
,"/Users/lap01267/Documents/workspace/RN_Project/miniapp-v2/packages/tcss/src/validateCssValue.ts": {"path":"/Users/lap01267/Documents/workspace/RN_Project/miniapp-v2/packages/tcss/src/validateCssValue.ts","statementMap":{"0":{"start":{"line":3,"column":0},"end":{"line":3,"column":31}},"1":{"start":{"line":4,"column":0},"end":{"line":4,"column":74}},"2":{"start":{"line":7,"column":2},"end":{"line":7,"column":32}},"3":{"start":{"line":10,"column":27},"end":{"line":46,"column":1}},"4":{"start":{"line":11,"column":28},"end":{"line":14,"column":4}},"5":{"start":{"line":16,"column":2},"end":{"line":44,"column":5}},"6":{"start":{"line":17,"column":4},"end":{"line":17,"column":37}},"7":{"start":{"line":17,"column":30},"end":{"line":17,"column":37}},"8":{"start":{"line":19,"column":4},"end":{"line":19,"column":50}},"9":{"start":{"line":19,"column":43},"end":{"line":19,"column":50}},"10":{"start":{"line":21,"column":4},"end":{"line":43,"column":7}},"11":{"start":{"line":22,"column":6},"end":{"line":23,"column":20}},"12":{"start":{"line":23,"column":8},"end":{"line":23,"column":20}},"13":{"start":{"line":25,"column":18},"end":{"line":25,"column":80}},"14":{"start":{"line":27,"column":26},"end":{"line":27,"column":88}},"15":{"start":{"line":29,"column":6},"end":{"line":41,"column":null}},"16":{"start":{"line":30,"column":8},"end":{"line":39,"column":10}},"17":{"start":{"line":40,"column":8},"end":{"line":40,"column":21}},"18":{"start":{"line":42,"column":6},"end":{"line":42,"column":18}},"19":{"start":{"line":45,"column":2},"end":{"line":45,"column":16}},"20":{"start":{"line":48,"column":0},"end":{"line":48,"column":23}}},"fnMap":{"0":{"name":"isUsingVar","decl":{"start":{"line":6,"column":9},"end":{"line":6,"column":19}},"loc":{"start":{"line":6,"column":33},"end":{"line":8,"column":1}}},"1":{"name":"(anonymous_2)","decl":{"start":{"line":10,"column":27},"end":{"line":10,"column":28}},"loc":{"start":{"line":10,"column":37},"end":{"line":46,"column":1}}},"2":{"name":"(anonymous_3)","decl":{"start":{"line":16,"column":16},"end":{"line":16,"column":17}},"loc":{"start":{"line":16,"column":35},"end":{"line":44,"column":3}}},"3":{"name":"(anonymous_4)","decl":{"start":{"line":21,"column":49},"end":{"line":21,"column":50}},"loc":{"start":{"line":21,"column":82},"end":{"line":43,"column":5}}}},"branchMap":{"0":{"loc":{"start":{"line":17,"column":4},"end":{"line":17,"column":37}},"type":"if","locations":[{"start":{"line":17,"column":4},"end":{"line":17,"column":37}},{"start":{"line":17,"column":4},"end":{"line":17,"column":37}}]},"1":{"loc":{"start":{"line":19,"column":4},"end":{"line":19,"column":50}},"type":"if","locations":[{"start":{"line":19,"column":4},"end":{"line":19,"column":50}},{"start":{"line":19,"column":4},"end":{"line":19,"column":50}}]},"2":{"loc":{"start":{"line":22,"column":6},"end":{"line":23,"column":20}},"type":"if","locations":[{"start":{"line":22,"column":6},"end":{"line":23,"column":20}},{"start":{"line":22,"column":6},"end":{"line":23,"column":20}}]},"3":{"loc":{"start":{"line":22,"column":10},"end":{"line":22,"column":47}},"type":"binary-expr","locations":[{"start":{"line":22,"column":10},"end":{"line":22,"column":47}},{"start":{"line":22,"column":51},"end":{"line":22,"column":93}}]},"4":{"loc":{"start":{"line":29,"column":6},"end":{"line":41,"column":null}},"type":"if","locations":[{"start":{"line":29,"column":6},"end":{"line":41,"column":null}},{"start":{"line":29,"column":6},"end":{"line":41,"column":null}}]}},"s":{"0":1,"1":1,"2":4,"3":1,"4":2,"5":2,"6":2,"7":0,"8":2,"9":0,"10":2,"11":4,"12":1,"13":3,"14":3,"15":3,"16":1,"17":1,"18":2,"19":2,"20":1},"f":{"0":4,"1":2,"2":2,"3":4},"b":{"0":[0,2],"1":[0,2],"2":[1,3],"3":[4,3],"4":[1,2]}}
,"/Users/lap01267/Documents/workspace/RN_Project/miniapp-v2/packages/tcss/src/validateTagSelectors.ts": {"path":"/Users/lap01267/Documents/workspace/RN_Project/miniapp-v2/packages/tcss/src/validateTagSelectors.ts","statementMap":{"0":{"start":{"line":3,"column":0},"end":{"line":3,"column":50}},"1":{"start":{"line":5,"column":13},"end":{"line":22,"column":2}},"2":{"start":{"line":24,"column":27},"end":{"line":56,"column":1}},"3":{"start":{"line":25,"column":28},"end":{"line":28,"column":4}},"4":{"start":{"line":30,"column":34},"end":{"line":30,"column":78}},"5":{"start":{"line":31,"column":29},"end":{"line":31,"column":56}},"6":{"start":{"line":32,"column":2},"end":{"line":54,"column":5}},"7":{"start":{"line":33,"column":4},"end":{"line":33,"column":42}},"8":{"start":{"line":33,"column":30},"end":{"line":33,"column":42}},"9":{"start":{"line":35,"column":4},"end":{"line":35,"column":52}},"10":{"start":{"line":35,"column":40},"end":{"line":35,"column":52}},"11":{"start":{"line":37,"column":25},"end":{"line":37,"column":29}},"12":{"start":{"line":38,"column":4},"end":{"line":52,"column":7}},"13":{"start":{"line":39,"column":19},"end":{"line":39,"column":96}},"14":{"start":{"line":41,"column":6},"end":{"line":51,"column":9}},"15":{"start":{"line":42,"column":8},"end":{"line":50,"column":null}},"16":{"start":{"line":43,"column":10},"end":{"line":48,"column":12}},"17":{"start":{"line":49,"column":10},"end":{"line":49,"column":33}},"18":{"start":{"line":53,"column":4},"end":{"line":53,"column":36}},"19":{"start":{"line":53,"column":24},"end":{"line":53,"column":36}},"20":{"start":{"line":55,"column":2},"end":{"line":55,"column":16}},"21":{"start":{"line":58,"column":0},"end":{"line":58,"column":23}}},"fnMap":{"0":{"name":"(anonymous_0)","decl":{"start":{"line":24,"column":27},"end":{"line":24,"column":28}},"loc":{"start":{"line":24,"column":37},"end":{"line":56,"column":1}}},"1":{"name":"(anonymous_1)","decl":{"start":{"line":32,"column":37},"end":{"line":32,"column":38}},"loc":{"start":{"line":32,"column":56},"end":{"line":54,"column":3}}},"2":{"name":"(anonymous_2)","decl":{"start":{"line":38,"column":27},"end":{"line":38,"column":28}},"loc":{"start":{"line":38,"column":48},"end":{"line":52,"column":5}}},"3":{"name":"(anonymous_3)","decl":{"start":{"line":41,"column":19},"end":{"line":41,"column":20}},"loc":{"start":{"line":41,"column":27},"end":{"line":51,"column":7}}}},"branchMap":{"0":{"loc":{"start":{"line":33,"column":4},"end":{"line":33,"column":42}},"type":"if","locations":[{"start":{"line":33,"column":4},"end":{"line":33,"column":42}},{"start":{"line":33,"column":4},"end":{"line":33,"column":42}}]},"1":{"loc":{"start":{"line":35,"column":4},"end":{"line":35,"column":52}},"type":"if","locations":[{"start":{"line":35,"column":4},"end":{"line":35,"column":52}},{"start":{"line":35,"column":4},"end":{"line":35,"column":52}}]},"2":{"loc":{"start":{"line":39,"column":19},"end":{"line":39,"column":90}},"type":"binary-expr","locations":[{"start":{"line":39,"column":19},"end":{"line":39,"column":90}},{"start":{"line":39,"column":94},"end":{"line":39,"column":96}}]},"3":{"loc":{"start":{"line":42,"column":8},"end":{"line":50,"column":null}},"type":"if","locations":[{"start":{"line":42,"column":8},"end":{"line":50,"column":null}},{"start":{"line":42,"column":8},"end":{"line":50,"column":null}}]},"4":{"loc":{"start":{"line":46,"column":60},"end":{"line":46,"column":74}},"type":"binary-expr","locations":[{"start":{"line":46,"column":60},"end":{"line":46,"column":74}},{"start":{"line":46,"column":78},"end":{"line":46,"column":80}}]},"5":{"loc":{"start":{"line":53,"column":4},"end":{"line":53,"column":36}},"type":"if","locations":[{"start":{"line":53,"column":4},"end":{"line":53,"column":36}},{"start":{"line":53,"column":4},"end":{"line":53,"column":36}}]}},"s":{"0":1,"1":1,"2":1,"3":1,"4":1,"5":1,"6":1,"7":3,"8":0,"9":3,"10":0,"11":3,"12":3,"13":3,"14":3,"15":5,"16":3,"17":3,"18":3,"19":0,"20":1,"21":1},"f":{"0":1,"1":3,"2":3,"3":5},"b":{"0":[0,3],"1":[0,3],"2":[3,0],"3":[3,2],"4":[3,0],"5":[0,3]}}
,"/Users/lap01267/Documents/workspace/RN_Project/miniapp-v2/packages/tcss/src/webCustomData.ts": {"path":"/Users/lap01267/Documents/workspace/RN_Project/miniapp-v2/packages/tcss/src/webCustomData.ts","statementMap":{"0":{"start":{"line":7,"column":13},"end":{"line":18981,"column":2}}},"fnMap":{},"branchMap":{},"s":{"0":1},"f":{},"b":{}}
}
