TN:
SF:packages/tcss/src/checkClassSelector.ts
FN:12,isIdentStart
FN:16,isIdent
FN:26,isValidClass
FN:45,isValidRule
FN:64,isValid
FN:70,(anonymous_5)
FN:76,(anonymous_6)
FNF:7
FNH:6
FNDA:3,isIdentStart
FNDA:0,isIdent
FNDA:3,isValidClass
FNDA:3,isValidRule
FNDA:3,isValid
FNDA:3,(anonymous_5)
FNDA:3,(anonymous_6)
DA:3,12
DA:4,12
DA:6,12
DA:8,12
DA:9,12
DA:10,12
DA:13,3
DA:17,0
DA:27,3
DA:28,0
DA:31,3
DA:32,2
DA:35,1
DA:36,0
DA:37,0
DA:38,0
DA:42,1
DA:46,3
DA:47,0
DA:50,3
DA:51,3
DA:52,3
DA:53,2
DA:57,1
DA:58,1
DA:61,0
DA:65,3
DA:66,3
DA:67,3
DA:70,12
DA:71,3
DA:76,3
DA:77,3
DA:78,3
DA:80,3
DA:81,3
DA:82,3
DA:83,3
DA:84,2
DA:85,2
DA:89,3
DA:92,3
DA:95,12
LF:43
LH:36
BRDA:13,0,0,3
BRDA:13,0,1,1
BRDA:13,0,2,2
BRDA:13,0,3,0
BRDA:13,0,4,2
BRDA:13,0,5,2
BRDA:18,1,0,0
BRDA:18,1,1,0
BRDA:18,1,2,0
BRDA:18,1,3,0
BRDA:18,1,4,0
BRDA:18,1,5,0
BRDA:18,1,6,0
BRDA:18,1,7,0
BRDA:27,2,0,0
BRDA:27,2,1,3
BRDA:31,3,0,2
BRDA:31,3,1,1
BRDA:37,4,0,0
BRDA:37,4,1,0
BRDA:46,5,0,0
BRDA:46,5,1,3
BRDA:52,6,0,2
BRDA:52,6,1,1
BRDA:57,7,0,1
BRDA:57,7,1,0
BRDA:77,8,0,0
BRDA:77,8,1,3
BRDA:78,9,0,0
BRDA:78,9,1,3
BRDA:83,10,0,2
BRDA:83,10,1,1
BRF:32
BRH:16
end_of_record
TN:
SF:packages/tcss/src/convertClassSelector.ts
FN:16,(anonymous_0)
FN:28,(anonymous_1)
FN:38,(anonymous_2)
FN:53,(anonymous_3)
FNF:4
FNH:4
FNDA:13,(anonymous_0)
FNDA:18,(anonymous_1)
FNDA:13,(anonymous_2)
FNDA:15,(anonymous_3)
DA:3,1
DA:4,1
DA:6,1
DA:8,1
DA:9,1
DA:10,1
DA:11,1
DA:12,1
DA:13,1
DA:14,1
DA:16,1
DA:18,13
DA:28,13
DA:29,18
DA:38,13
DA:39,13
DA:41,13
DA:43,13
DA:44,13
DA:45,13
DA:46,13
DA:47,11
DA:53,13
DA:54,15
DA:56,13
DA:58,0
DA:59,0
DA:62,13
DA:64,13
DA:67,1
LF:30
LH:28
BRDA:29,0,0,3
BRDA:29,0,1,15
BRDA:39,1,0,0
BRDA:39,1,1,13
BRDA:41,2,0,0
BRDA:41,2,1,13
BRDA:46,3,0,11
BRDA:46,3,1,2
BRDA:56,4,0,13
BRDA:56,4,1,0
BRDA:62,5,0,13
BRDA:62,5,1,0
BRF:12
BRH:8
end_of_record
TN:
SF:packages/tcss/src/convertRpx.ts
FN:4,(anonymous_0)
FN:8,(anonymous_1)
FN:21,(anonymous_2)
FN:27,(anonymous_3)
FN:32,(anonymous_4)
FNF:5
FNH:5
FNDA:11,(anonymous_0)
FNDA:27,(anonymous_1)
FNDA:5,(anonymous_2)
FNDA:6,(anonymous_3)
FNDA:11,(anonymous_4)
DA:4,12
DA:5,11
DA:6,11
DA:7,11
DA:8,11
DA:9,27
DA:10,27
DA:11,13
DA:12,13
DA:13,13
DA:16,14
DA:18,11
DA:21,12
DA:22,5
DA:27,5
DA:28,6
DA:30,6
DA:32,6
DA:33,11
DA:35,11
DA:38,5
DA:41,12
LF:22
LH:22
BRDA:9,0,0,14
BRDA:9,0,1,13
BRDA:9,1,0,27
BRDA:9,1,1,13
BRDA:10,2,0,13
BRDA:10,2,1,14
BRDA:11,3,0,13
BRDA:11,3,1,0
BRDA:11,4,0,0
BRDA:11,4,1,13
BRDA:11,5,0,13
BRDA:11,5,1,13
BRDA:12,6,0,13
BRDA:12,6,1,0
BRDA:28,7,0,0
BRDA:28,7,1,6
BRDA:30,8,0,0
BRDA:30,8,1,6
BRF:18
BRH:13
end_of_record
TN:
SF:packages/tcss/src/convertTagSelector.ts
FN:16,(anonymous_0)
FN:27,(anonymous_1)
FN:43,(anonymous_2)
FN:58,(anonymous_3)
FNF:4
FNH:4
FNDA:9,(anonymous_0)
FNDA:16,(anonymous_1)
FNDA:8,(anonymous_2)
FNDA:11,(anonymous_3)
DA:3,12
DA:4,12
DA:6,12
DA:8,12
DA:9,12
DA:10,12
DA:11,12
DA:12,12
DA:13,12
DA:14,12
DA:16,12
DA:17,9
DA:27,9
DA:30,16
DA:31,16
DA:33,13
DA:34,12
DA:35,2
DA:37,10
DA:39,12
DA:43,9
DA:44,8
DA:46,8
DA:48,8
DA:49,8
DA:50,8
DA:51,8
DA:52,6
DA:58,8
DA:59,11
DA:63,8
DA:65,0
DA:66,0
DA:69,8
DA:71,9
DA:74,12
LF:36
LH:34
BRDA:30,0,0,5
BRDA:30,0,1,11
BRDA:31,1,0,3
BRDA:31,1,1,13
BRDA:33,2,0,12
BRDA:33,2,1,1
BRDA:34,3,0,2
BRDA:34,3,1,10
BRDA:44,4,0,0
BRDA:44,4,1,8
BRDA:46,5,0,0
BRDA:46,5,1,8
BRDA:51,6,0,6
BRDA:51,6,1,2
BRDA:63,7,0,8
BRDA:63,7,1,0
BRDA:69,8,0,8
BRDA:69,8,1,0
BRF:18
BRH:14
end_of_record
TN:
SF:packages/tcss/src/filterBlankRule.ts
FN:5,(anonymous_0)
FN:11,(anonymous_1)
FNF:2
FNH:0
FNDA:0,(anonymous_0)
FNDA:0,(anonymous_1)
DA:3,0
DA:5,0
DA:6,0
DA:11,0
DA:12,0
DA:13,0
DA:19,0
DA:21,0
DA:23,0
DA:26,0
LF:10
LH:0
BRDA:12,0,0,0
BRDA:12,0,1,0
BRDA:12,1,0,0
BRDA:12,1,1,0
BRDA:12,2,0,0
BRDA:12,2,1,0
BRDA:12,3,0,0
BRDA:12,3,1,0
BRDA:16,4,0,0
BRDA:16,4,1,0
BRDA:16,5,0,0
BRDA:16,5,1,0
BRF:12
BRH:0
end_of_record
TN:
SF:packages/tcss/src/global.d.ts
FNF:0
FNH:0
LF:0
LH:0
BRF:0
BRH:0
end_of_record
TN:
SF:packages/tcss/src/index.ts
FN:20,parseSourceToRules
FN:41,transformCss
FN:48,(anonymous_3)
FN:58,rulesToCss
FN:66,parseImports
FNF:5
FNH:4
FNDA:50,parseSourceToRules
FNDA:50,transformCss
FNDA:60,(anonymous_3)
FNDA:50,rulesToCss
FNDA:0,parseImports
DA:1,12
DA:3,12
DA:4,12
DA:5,12
DA:6,12
DA:7,12
DA:8,12
DA:9,12
DA:11,12
DA:21,50
DA:22,50
DA:23,50
DA:24,50
DA:26,1
DA:30,1
DA:35,49
DA:41,12
DA:46,50
DA:47,50
DA:49,60
DA:50,60
DA:51,60
DA:52,60
DA:58,12
DA:59,50
DA:60,50
DA:61,50
DA:63,50
DA:66,12
DA:67,0
LF:30
LH:29
BRDA:24,0,0,50
BRDA:24,0,1,0
BRDA:24,1,0,0
BRDA:24,1,1,49
BRDA:24,2,0,50
BRDA:24,2,1,49
BRDA:44,3,0,2
BRDA:60,4,0,0
BRDA:60,4,1,50
BRF:9
BRH:6
end_of_record
TN:
SF:packages/tcss/src/parseImport.ts
FN:3,parseImports
FN:5,(anonymous_2)
FN:16,(anonymous_3)
FNF:3
FNH:0
FNDA:0,parseImports
FNDA:0,(anonymous_2)
FNDA:0,(anonymous_3)
DA:1,12
DA:3,12
DA:5,0
DA:6,0
DA:7,0
DA:11,0
DA:12,0
DA:15,0
DA:16,0
DA:17,0
DA:18,0
DA:21,0
DA:22,0
DA:23,0
DA:24,0
DA:25,0
DA:27,0
DA:28,0
DA:31,0
DA:34,0
LF:20
LH:2
BRDA:7,0,0,0
BRDA:7,0,1,0
BRDA:7,1,0,0
BRDA:7,1,1,0
BRDA:11,2,0,0
BRDA:11,2,1,0
BRDA:17,3,0,0
BRDA:17,3,1,0
BRDA:23,4,0,0
BRDA:23,4,1,0
BRDA:23,5,0,0
BRDA:23,5,1,0
BRDA:24,6,0,0
BRDA:24,6,1,0
BRDA:24,7,0,0
BRDA:24,7,1,0
BRDA:27,8,0,0
BRDA:27,8,1,0
BRF:18
BRH:0
end_of_record
TN:
SF:packages/tcss/src/preventOverrideDefaultVariables.ts
FN:14,(anonymous_0)
FN:20,(anonymous_1)
FN:25,(anonymous_2)
FNF:3
FNH:3
FNDA:8,(anonymous_0)
FNDA:8,(anonymous_1)
FNDA:14,(anonymous_2)
DA:3,12
DA:5,12
DA:14,12
DA:15,8
DA:20,8
DA:21,8
DA:23,8
DA:25,8
DA:26,14
DA:27,14
DA:28,6
DA:29,6
DA:35,6
DA:38,8
DA:41,8
DA:44,12
LF:16
LH:16
BRDA:21,0,0,0
BRDA:21,0,1,8
BRDA:23,1,0,0
BRDA:23,1,1,8
BRDA:27,2,0,6
BRDA:27,2,1,8
BRDA:28,3,0,6
BRDA:28,3,1,0
BRF:8
BRH:5
end_of_record
TN:
SF:packages/tcss/src/removeCssComments.ts
FN:4,(anonymous_0)
FN:9,(anonymous_1)
FN:13,(anonymous_2)
FN:15,(anonymous_3)
FNF:4
FNH:4
FNDA:4,(anonymous_0)
FNDA:4,(anonymous_1)
FNDA:4,(anonymous_2)
FNDA:6,(anonymous_3)
DA:4,12
DA:5,4
DA:9,4
DA:10,4
DA:11,3
DA:13,4
DA:14,4
DA:15,3
DA:16,6
DA:17,3
DA:20,4
DA:23,12
LF:12
LH:12
BRDA:10,0,0,1
BRDA:10,0,1,3
BRDA:14,1,0,3
BRDA:14,1,1,1
BRDA:15,2,0,0
BRDA:15,2,1,3
BRDA:15,3,0,3
BRDA:15,3,1,3
BRDA:16,4,0,3
BRDA:16,4,1,3
BRF:10
BRH:9
end_of_record
TN:
SF:packages/tcss/src/removeUnsupportedCssAtRule.ts
FN:6,(anonymous_1)
FN:12,(anonymous_2)
FN:15,(anonymous_3)
FNF:3
FNH:3
FNDA:6,(anonymous_1)
FNDA:5,(anonymous_2)
FNDA:8,(anonymous_3)
DA:3,1
DA:4,1
DA:6,1
DA:7,6
DA:11,6
DA:12,6
DA:13,5
DA:15,6
DA:17,8
DA:18,3
DA:21,5
DA:22,3
DA:26,3
DA:28,2
DA:29,2
DA:30,1
DA:34,1
DA:36,1
DA:38,6
DA:41,1
LF:20
LH:20
BRDA:17,0,0,3
BRDA:17,0,1,5
BRDA:21,1,0,3
BRDA:21,1,1,2
BRDA:28,2,0,2
BRDA:28,2,1,0
BRDA:29,3,0,1
BRDA:29,3,1,1
BRDA:31,4,0,1
BRDA:31,4,1,0
BRF:10
BRH:8
end_of_record
TN:
SF:packages/tcss/src/resolveUrlValue.ts
FN:8,resolveUrl
FN:22,(anonymous_2)
FN:34,(anonymous_3)
FN:37,(anonymous_4)
FN:42,(anonymous_5)
FNF:5
FNH:5
FNDA:5,resolveUrl
FNDA:7,(anonymous_2)
FNDA:7,(anonymous_3)
FNDA:9,(anonymous_4)
FNDA:56,(anonymous_5)
DA:5,12
DA:6,12
DA:9,5
DA:10,2
DA:11,3
DA:12,3
DA:17,3
DA:19,0
DA:22,12
DA:23,7
DA:28,7
DA:34,7
DA:35,7
DA:37,7
DA:38,9
DA:39,9
DA:42,9
DA:43,56
DA:44,5
DA:48,9
DA:49,9
DA:56,9
DA:60,7
DA:63,12
LF:24
LH:23
BRDA:9,0,0,2
BRDA:9,0,1,3
BRDA:11,1,0,3
BRDA:11,1,1,0
BRDA:28,2,0,7
BRDA:28,2,1,0
BRDA:35,3,0,0
BRDA:35,3,1,7
BRDA:43,4,0,5
BRDA:43,4,1,51
BRDA:43,5,0,56
BRDA:43,5,1,56
BRF:12
BRH:9
end_of_record
TN:
SF:packages/tcss/src/utils.ts
FN:26,createCssErrorsFromRule
FN:35,createCssErrorFromRuleDeclaration
FN:46,isDeclareVar
FNF:3
FNH:3
FNDA:9,createCssErrorsFromRule
FNDA:8,createCssErrorFromRuleDeclaration
FNDA:17,isDeclareVar
DA:26,12
DA:27,9
DA:32,9
DA:35,12
DA:39,8
DA:43,8
DA:46,12
DA:47,17
LF:8
LH:8
BRDA:29,0,0,0
BRDA:29,0,1,9
BRDA:29,1,0,9
BRDA:29,1,1,9
BRDA:41,2,0,8
BRDA:41,2,1,0
BRDA:41,3,0,0
BRDA:41,3,1,8
BRDA:41,4,0,8
BRDA:41,4,1,8
BRDA:41,5,0,0
BRDA:41,5,1,8
BRDA:41,6,0,8
BRDA:41,6,1,8
BRF:14
BRH:10
end_of_record
TN:
SF:packages/tcss/src/validateCssProperties.ts
FN:6,isDeclareVar
FN:11,(anonymous_1)
FN:17,(anonymous_2)
FN:22,(anonymous_3)
FN:26,(anonymous_4)
FNF:5
FNH:5
FNDA:3,isDeclareVar
FNDA:2,(anonymous_1)
FNDA:2,(anonymous_2)
FNDA:3,(anonymous_3)
FNDA:980,(anonymous_4)
DA:3,1
DA:4,1
DA:7,3
DA:8,2
DA:11,1
DA:12,2
DA:17,2
DA:18,2
DA:20,2
DA:22,2
DA:23,3
DA:25,2
DA:26,980
DA:27,2
DA:28,1
DA:30,1
DA:32,1
DA:34,1
DA:37,2
DA:40,1
LF:20
LH:20
BRDA:7,0,0,1
BRDA:7,0,1,2
BRDA:18,1,0,0
BRDA:18,1,1,2
BRDA:20,2,0,0
BRDA:20,2,1,2
BRDA:23,3,0,1
BRDA:23,3,1,2
BRDA:27,4,0,1
BRDA:27,4,1,1
BRF:10
BRH:8
end_of_record
TN:
SF:packages/tcss/src/validateCssValue.ts
FN:6,isUsingVar
FN:10,(anonymous_2)
FN:16,(anonymous_3)
FN:21,(anonymous_4)
FNF:4
FNH:4
FNDA:4,isUsingVar
FNDA:2,(anonymous_2)
FNDA:2,(anonymous_3)
FNDA:4,(anonymous_4)
DA:3,1
DA:4,1
DA:7,4
DA:10,1
DA:11,2
DA:16,2
DA:17,2
DA:19,2
DA:21,2
DA:22,4
DA:23,1
DA:25,3
DA:27,3
DA:29,3
DA:30,1
DA:40,1
DA:42,2
DA:45,2
DA:48,1
LF:19
LH:19
BRDA:17,0,0,0
BRDA:17,0,1,2
BRDA:19,1,0,0
BRDA:19,1,1,2
BRDA:22,2,0,1
BRDA:22,2,1,3
BRDA:22,3,0,4
BRDA:22,3,1,3
BRDA:29,4,0,1
BRDA:29,4,1,2
BRF:10
BRH:8
end_of_record
TN:
SF:packages/tcss/src/validateTagSelectors.ts
FN:24,(anonymous_0)
FN:32,(anonymous_1)
FN:38,(anonymous_2)
FN:41,(anonymous_3)
FNF:4
FNH:4
FNDA:1,(anonymous_0)
FNDA:3,(anonymous_1)
FNDA:3,(anonymous_2)
FNDA:5,(anonymous_3)
DA:3,1
DA:5,1
DA:24,1
DA:25,1
DA:30,1
DA:31,1
DA:32,1
DA:33,3
DA:35,3
DA:37,3
DA:38,3
DA:39,3
DA:41,3
DA:42,5
DA:43,3
DA:49,3
DA:53,3
DA:55,1
DA:58,1
LF:19
LH:19
BRDA:33,0,0,0
BRDA:33,0,1,3
BRDA:35,1,0,0
BRDA:35,1,1,3
BRDA:39,2,0,3
BRDA:39,2,1,0
BRDA:42,3,0,3
BRDA:42,3,1,2
BRDA:46,4,0,3
BRDA:46,4,1,0
BRDA:53,5,0,0
BRDA:53,5,1,3
BRF:12
BRH:7
end_of_record
TN:
SF:packages/tcss/src/webCustomData.ts
FNF:0
FNH:0
DA:7,1
LF:1
LH:1
BRF:0
BRH:0
end_of_record
